#
# There is insufficient memory for the Java Runtime Environment to continue.
# Native memory allocation (mmap) failed to map 177209344 bytes for Failed to commit area from 0x0000000092000000 to 0x000000009c900000 of length 177209344.
# Possible reasons:
#   The system is out of physical RAM or swap space
#   The process is running with CompressedOops enabled, and the Java Heap may be blocking the growth of the native heap
# Possible solutions:
#   Reduce memory load on the system
#   Increase physical memory or swap space
#   Check if swap backing store is full
#   Decrease Java heap size (-Xmx/-Xms)
#   Decrease number of Java threads
#   Decrease Java thread stack sizes (-Xss)
#   Set larger code cache with -XX:ReservedCodeCacheSize=
#   JVM is running with Unscaled Compressed Oops mode in which the Java heap is
#     placed in the first 4GB address space. The Java Heap base address is the
#     maximum limit for the native heap growth. Please use -XX:HeapBaseMinAddress
#     to set the Java Heap base and to place the Java Heap above 4GB virtual address.
# This output file may be truncated or incomplete.
#
#  Out of Memory Error (./src/hotspot/os/windows/os_windows.cpp:3301), pid=6088, tid=15820
#
# JRE version: OpenJDK Runtime Environment (11.0.11+9) (build 11.0.11+9-b60-7590822)
# Java VM: OpenJDK 64-Bit Server VM (11.0.11+9-b60-7590822, mixed mode, tiered, compressed oops, g1 gc, windows-amd64)
# No core dump will be written. Minidumps are not enabled by default on client versions of Windows
#

---------------  S U M M A R Y ------------

Command Line: --add-opens=java.base/java.util=ALL-UNNAMED --add-opens=java.base/java.lang=ALL-UNNAMED --add-opens=java.base/java.lang.invoke=ALL-UNNAMED --add-opens=java.base/java.util=ALL-UNNAMED --add-opens=java.prefs/java.util.prefs=ALL-UNNAMED --add-opens=java.prefs/java.util.prefs=ALL-UNNAMED --add-opens=java.base/java.nio.charset=ALL-UNNAMED --add-opens=java.base/java.net=ALL-UNNAMED --add-opens=java.base/java.util.concurrent.atomic=ALL-UNNAMED -Xmx2048m -Dfile.encoding=UTF-8 -Duser.country=CN -Duser.language=zh -Duser.variant org.gradle.launcher.daemon.bootstrap.GradleDaemon 7.2

Host: AMD Ryzen 5 3500U with Radeon Vega Mobile Gfx  , 8 cores, 17G,  Windows 10 , 64 bit Build 22621 (10.0.22621.900)
Time: Sat Dec 10 17:55:52 2022 中国标准时间 elapsed time: 9004.673596 seconds (0d 2h 30m 4s)

---------------  T H R E A D  ---------------

Current thread (0x000001ed5ea35800):  VMThread "VM Thread" [stack: 0x0000007728100000,0x0000007728200000] [id=15820]

Stack: [0x0000007728100000,0x0000007728200000]
[error occurred during error reporting (printing stack bounds), id 0xc0000005, EXCEPTION_ACCESS_VIOLATION (0xc0000005) at pc=0x000001ed47800f2d]

Native frames: (J=compiled Java code, j=interpreted, Vv=VM code, C=native code)
V  [jvm.dll+0x5f214a]
V  [jvm.dll+0x726fb5]
V  [jvm.dll+0x7285cd]
V  [jvm.dll+0x728be5]
V  [jvm.dll+0x728b9b]
V  [jvm.dll+0x5f14e8]
V  [jvm.dll+0x5f1c78]
C  [ntdll.dll+0xa3eaf]
C  [ntdll.dll+0x1eae6]
C  [ntdll.dll+0xa2e9e]
C  0x000001ed47800f2d

VM_Operation (0x00000077302f9b90): G1CollectForAllocation, mode: safepoint, requested by thread 0x000001ed65ec2800


---------------  P R O C E S S  ---------------

Threads class SMR info:
_java_thread_list=0x000001ed6a09aac0, length=139, elements={
0x000001ed43d0c000, 0x000001ed5e18f000, 0x000001ed5e199800, 0x000001ed5ea4b800,
0x000001ed5ea4d800, 0x000001ed5eaa2800, 0x000001ed5eaa3800, 0x000001ed5eaa9000,
0x000001ed5eaad800, 0x000001ed5ebfd000, 0x000001ed5ebff000, 0x000001ed5ebff800,
0x000001ed5ebfe000, 0x000001ed60b7c000, 0x000001ed60b7d800, 0x000001ed60b7f000,
0x000001ed60b83800, 0x000001ed60b84000, 0x000001ed60b7e800, 0x000001ed60b81000,
0x000001ed60b80000, 0x000001ed60b85800, 0x000001ed60b85000, 0x000001ed60b86800,
0x000001ed60b81800, 0x000001ed60b87800, 0x000001ed5fb21800, 0x000001ed5fb1f000,
0x000001ed63e71800, 0x000001ed5fc25800, 0x000001ed60b88000, 0x000001ed6a042800,
0x000001ed6a040000, 0x000001ed61de6800, 0x000001ed61ded000, 0x000001ed61de7000,
0x000001ed61de8000, 0x000001ed61de9000, 0x000001ed61de4800, 0x000001ed61de9800,
0x000001ed61deb800, 0x000001ed61dea800, 0x000001ed61de5800, 0x000001ed61df0000,
0x000001ed61dec000, 0x000001ed61df1000, 0x000001ed61df2000, 0x000001ed61df2800,
0x000001ed61dee800, 0x000001ed61df3800, 0x000001ed61ded800, 0x000001ed61def800,
0x000001ed5efaa000, 0x000001ed5efa7800, 0x000001ed5efa5000, 0x000001ed5efab000,
0x000001ed5efab800, 0x000001ed5efa6000, 0x000001ed5efa9000, 0x000001ed5efac800,
0x000001ed5efa6800, 0x000001ed5efa8800, 0x000001ed5efad000, 0x000001ed5efb0800,
0x000001ed5efb1800, 0x000001ed5efb3800, 0x000001ed5efb2000, 0x000001ed5efaf800,
0x000001ed5efb3000, 0x000001ed5efaf000, 0x000001ed671a8800, 0x000001ed671a9800,
0x000001ed671a8000, 0x000001ed671ac800, 0x000001ed671ab000, 0x000001ed671ac000,
0x000001ed671af000, 0x000001ed671aa000, 0x000001ed671b1800, 0x000001ed671ad800,
0x000001ed671b0000, 0x000001ed671b4000, 0x000001ed671b6800, 0x000001ed671b2800,
0x000001ed671b1000, 0x000001ed671b3000, 0x000001ed671b5000, 0x000001ed63e67000,
0x000001ed63e66000, 0x000001ed63e68800, 0x000001ed63e67800, 0x000001ed63e63800,
0x000001ed63e65000, 0x000001ed63e63000, 0x000001ed63e69800, 0x000001ed63e6a000,
0x000001ed63e64800, 0x000001ed63e6d800, 0x000001ed63e6b000, 0x000001ed63e6e000,
0x000001ed63e6c800, 0x000001ed63e6f000, 0x000001ed63e70000, 0x000001ed63e70800,
0x000001ed6a044000, 0x000001ed6a044800, 0x000001ed6a043000, 0x000001ed6a03f000,
0x000001ed6a045800, 0x000001ed6a046800, 0x000001ed6a040800, 0x000001ed6a047000,
0x000001ed6a041800, 0x000001ed6a04a800, 0x000001ed6a049000, 0x000001ed6a04b800,
0x000001ed6a048000, 0x000001ed6a04d800, 0x000001ed6a049800, 0x000001ed6a04c000,
0x000001ed65ebb000, 0x000001ed65ebc000, 0x000001ed65eba000, 0x000001ed65ebc800,
0x000001ed65ebd800, 0x000001ed65ebe800, 0x000001ed65eb8800, 0x000001ed65eb9800,
0x000001ed65ec2800, 0x000001ed65ec1000, 0x000001ed65ec3000, 0x000001ed65ec5000,
0x000001ed65ec4000, 0x000001ed65ec1800, 0x000001ed65ec7800, 0x000001ed65ec5800,
0x000001ed5fb1d800, 0x000001ed5fb25800, 0x000001ed5fb26800
}

Java Threads: ( => current thread )
  0x000001ed43d0c000 JavaThread "main" [_thread_blocked, id=23848, stack(0x0000007727b00000,0x0000007727c00000)]
  0x000001ed5e18f000 JavaThread "Reference Handler" daemon [_thread_blocked, id=24308, stack(0x0000007728200000,0x0000007728300000)]
  0x000001ed5e199800 JavaThread "Finalizer" daemon [_thread_blocked, id=20972, stack(0x0000007728300000,0x0000007728400000)]
  0x000001ed5ea4b800 JavaThread "Signal Dispatcher" daemon [_thread_blocked, id=19244, stack(0x0000007728400000,0x0000007728500000)]
  0x000001ed5ea4d800 JavaThread "Attach Listener" daemon [_thread_blocked, id=20864, stack(0x0000007728500000,0x0000007728600000)]
  0x000001ed5eaa2800 JavaThread "Service Thread" daemon [_thread_blocked, id=24604, stack(0x0000007728600000,0x0000007728700000)]
  0x000001ed5eaa3800 JavaThread "C2 CompilerThread0" daemon [_thread_blocked, id=10016, stack(0x0000007728700000,0x0000007728800000)]
  0x000001ed5eaa9000 JavaThread "C1 CompilerThread0" daemon [_thread_blocked, id=23140, stack(0x0000007728800000,0x0000007728900000)]
  0x000001ed5eaad800 JavaThread "Sweeper thread" daemon [_thread_blocked, id=25384, stack(0x0000007728900000,0x0000007728a00000)]
  0x000001ed5ebfd000 JavaThread "Common-Cleaner" daemon [_thread_blocked, id=9828, stack(0x0000007728a00000,0x0000007728b00000)]
  0x000001ed5ebff000 JavaThread "Daemon health stats" [_thread_blocked, id=18952, stack(0x0000007729300000,0x0000007729400000)]
  0x000001ed5ebff800 JavaThread "Incoming local TCP Connector on port 57871" [_thread_in_native, id=24632, stack(0x0000007728c00000,0x0000007728d00000)]
  0x000001ed5ebfe000 JavaThread "Daemon periodic checks" [_thread_blocked, id=8792, stack(0x0000007729200000,0x0000007729300000)]
  0x000001ed60b7c000 JavaThread "Cache worker for journal cache (C:\Users\27817\.gradle\caches\journal-1)" [_thread_blocked, id=20036, stack(0x0000007729d00000,0x0000007729e00000)]
  0x000001ed60b7d800 JavaThread "File lock request listener" [_thread_in_native, id=17264, stack(0x0000007729e00000,0x0000007729f00000)]
  0x000001ed60b7f000 JavaThread "Cache worker for file hash cache (C:\Users\27817\.gradle\caches\7.2\fileHashes)" [_thread_blocked, id=1360, stack(0x000000772a000000,0x000000772a100000)]
  0x000001ed60b83800 JavaThread "File watcher server" daemon [_thread_blocked, id=11628, stack(0x000000772a300000,0x000000772a400000)]
  0x000001ed60b84000 JavaThread "File watcher consumer" daemon [_thread_blocked, id=22164, stack(0x000000772a400000,0x000000772a500000)]
  0x000001ed60b7e800 JavaThread "jar transforms" [_thread_blocked, id=10568, stack(0x000000772a500000,0x000000772a600000)]
  0x000001ed60b81000 JavaThread "jar transforms Thread 2" [_thread_blocked, id=18032, stack(0x000000772a600000,0x000000772a700000)]
  0x000001ed60b80000 JavaThread "jar transforms Thread 3" [_thread_blocked, id=13152, stack(0x000000772a700000,0x000000772a800000)]
  0x000001ed60b85800 JavaThread "jar transforms Thread 4" [_thread_blocked, id=19380, stack(0x000000772a800000,0x000000772a900000)]
  0x000001ed60b85000 JavaThread "jar transforms Thread 5" [_thread_blocked, id=19988, stack(0x000000772a900000,0x000000772aa00000)]
  0x000001ed60b86800 JavaThread "jar transforms Thread 6" [_thread_blocked, id=10248, stack(0x000000772aa00000,0x000000772ab00000)]
  0x000001ed60b81800 JavaThread "jar transforms Thread 7" [_thread_blocked, id=21756, stack(0x000000772ab00000,0x000000772ac00000)]
  0x000001ed60b87800 JavaThread "jar transforms Thread 8" [_thread_blocked, id=16712, stack(0x000000772ac00000,0x000000772ad00000)]
  0x000001ed5fb21800 JavaThread "Cache worker for execution history cache (C:\Users\27817\.gradle\caches\7.2\executionHistory)" [_thread_blocked, id=5092, stack(0x000000772b100000,0x000000772b200000)]
  0x000001ed5fb1f000 JavaThread "Cache worker for file content cache (C:\Users\27817\.gradle\caches\7.2\fileContent)" [_thread_blocked, id=23436, stack(0x000000772b200000,0x000000772b300000)]
  0x000001ed63e71800 JavaThread "Memory manager" [_thread_blocked, id=12524, stack(0x0000007730500000,0x0000007730600000)]
  0x000001ed5fc25800 JavaThread "Cache worker for Java compile cache (C:\Users\27817\.gradle\caches\7.2\javaCompile)" [_thread_blocked, id=20508, stack(0x0000007731700000,0x0000007731800000)]
  0x000001ed60b88000 JavaThread "ForkJoinPool.commonPool-worker-5" daemon [_thread_blocked, id=23372, stack(0x0000007732600000,0x0000007732700000)]
  0x000001ed6a042800 JavaThread "Daemon Thread 5" [_thread_blocked, id=9452, stack(0x0000007727800000,0x0000007727900000)]
  0x000001ed6a040000 JavaThread "Daemon worker Thread 5" [_thread_blocked, id=23748, stack(0x0000007729400000,0x0000007729500000)]
  0x000001ed61de6800 JavaThread "ForkJoinPool.commonPool-worker-13" daemon [_thread_blocked, id=6708, stack(0x0000007731f00000,0x0000007732000000)]
  0x000001ed61ded000 JavaThread "ForkJoinPool.commonPool-worker-15" daemon [_thread_blocked, id=9764, stack(0x0000007732000000,0x0000007732100000)]
  0x000001ed61de7000 JavaThread "ForkJoinPool.commonPool-worker-1" daemon [_thread_blocked, id=20712, stack(0x0000007732100000,0x0000007732200000)]
  0x000001ed61de8000 JavaThread "Handler for socket connection from /127.0.0.1:57871 to /127.0.0.1:58111" [_thread_in_native, id=19048, stack(0x0000007727900000,0x0000007727a00000)]
  0x000001ed61de9000 JavaThread "Cancel handler" [_thread_blocked, id=1680, stack(0x0000007727a00000,0x0000007727b00000)]
  0x000001ed61de4800 JavaThread "Asynchronous log dispatcher for DefaultDaemonConnection: socket connection from /127.0.0.1:57871 to /127.0.0.1:58111" [_thread_blocked, id=13872, stack(0x0000007729500000,0x0000007729600000)]
  0x000001ed61de9800 JavaThread "Stdin handler" [_thread_blocked, id=17492, stack(0x0000007729600000,0x0000007729700000)]
  0x000001ed61deb800 JavaThread "Daemon client event forwarder" [_thread_blocked, id=9528, stack(0x0000007729700000,0x0000007729800000)]
  0x000001ed61dea800 JavaThread "Cache worker for file hash cache (D:\Documents\MyCode\AndroidStudioProjects\GuardElves\.gradle\7.2\fileHashes)" [_thread_blocked, id=17376, stack(0x0000007729900000,0x0000007729a00000)]
  0x000001ed61de5800 JavaThread "Cache worker for checksums cache (D:\Documents\MyCode\AndroidStudioProjects\GuardElves\.gradle\checksums)" [_thread_blocked, id=24304, stack(0x0000007729a00000,0x0000007729b00000)]
  0x000001ed61df0000 JavaThread "Cache worker for cache directory md-supplier (C:\Users\27817\.gradle\caches\7.2\md-supplier)" [_thread_blocked, id=6280, stack(0x000000772a100000,0x000000772a200000)]
  0x000001ed61dec000 JavaThread "Cache worker for cache directory md-rule (C:\Users\27817\.gradle\caches\7.2\md-rule)" [_thread_blocked, id=18216, stack(0x000000772a200000,0x000000772a300000)]
  0x000001ed61df1000 JavaThread "Cache worker for dependencies-accessors (D:\Documents\MyCode\AndroidStudioProjects\GuardElves\.gradle\7.2\dependencies-accessors)" [_thread_blocked, id=14960, stack(0x000000772ad00000,0x000000772ae00000)]
  0x000001ed61df2000 JavaThread "C2 CompilerThread1" daemon [_thread_in_native, id=23220, stack(0x000000772ae00000,0x000000772af00000)]
  0x000001ed61df2800 JavaThread "Cache worker for Build Output Cleanup Cache (D:\Documents\MyCode\AndroidStudioProjects\GuardElves\.gradle\buildOutputCleanup)" [_thread_blocked, id=25016, stack(0x000000772af00000,0x000000772b000000)]
  0x000001ed61dee800 JavaThread "C2 CompilerThread2" daemon [_thread_in_native, id=12900, stack(0x000000772b000000,0x000000772b100000)]
  0x000001ed61df3800 JavaThread "Unconstrained build operations" [_thread_blocked, id=7052, stack(0x000000772b300000,0x000000772b400000)]
  0x000001ed61ded800 JavaThread "Unconstrained build operations Thread 2" [_thread_blocked, id=23520, stack(0x000000772b400000,0x000000772b500000)]
  0x000001ed61def800 JavaThread "Unconstrained build operations Thread 3" [_thread_blocked, id=24492, stack(0x000000772b500000,0x000000772b600000)]
  0x000001ed5efaa000 JavaThread "Unconstrained build operations Thread 4" [_thread_blocked, id=24528, stack(0x000000772b600000,0x000000772b700000)]
  0x000001ed5efa7800 JavaThread "Unconstrained build operations Thread 5" [_thread_blocked, id=17060, stack(0x000000772b700000,0x000000772b800000)]
  0x000001ed5efa5000 JavaThread "Unconstrained build operations Thread 6" [_thread_blocked, id=21472, stack(0x000000772b800000,0x000000772b900000)]
  0x000001ed5efab000 JavaThread "Unconstrained build operations Thread 7" [_thread_blocked, id=15748, stack(0x000000772b900000,0x000000772ba00000)]
  0x000001ed5efab800 JavaThread "Unconstrained build operations Thread 8" [_thread_blocked, id=14380, stack(0x000000772ba00000,0x000000772bb00000)]
  0x000001ed5efa6000 JavaThread "Unconstrained build operations Thread 9" [_thread_blocked, id=9480, stack(0x000000772bb00000,0x000000772bc00000)]
  0x000001ed5efa9000 JavaThread "Unconstrained build operations Thread 10" [_thread_blocked, id=18044, stack(0x000000772bc00000,0x000000772bd00000)]
  0x000001ed5efac800 JavaThread "Unconstrained build operations Thread 11" [_thread_blocked, id=24108, stack(0x000000772bd00000,0x000000772be00000)]
  0x000001ed5efa6800 JavaThread "Unconstrained build operations Thread 12" [_thread_blocked, id=14416, stack(0x000000772be00000,0x000000772bf00000)]
  0x000001ed5efa8800 JavaThread "Unconstrained build operations Thread 13" [_thread_blocked, id=8248, stack(0x000000772bf00000,0x000000772c000000)]
  0x000001ed5efad000 JavaThread "Unconstrained build operations Thread 14" [_thread_blocked, id=504, stack(0x000000772c000000,0x000000772c100000)]
  0x000001ed5efb0800 JavaThread "Unconstrained build operations Thread 15" [_thread_blocked, id=19660, stack(0x000000772c100000,0x000000772c200000)]
  0x000001ed5efb1800 JavaThread "Unconstrained build operations Thread 16" [_thread_blocked, id=13648, stack(0x000000772c200000,0x000000772c300000)]
  0x000001ed5efb3800 JavaThread "Unconstrained build operations Thread 17" [_thread_blocked, id=18464, stack(0x000000772c300000,0x000000772c400000)]
  0x000001ed5efb2000 JavaThread "Unconstrained build operations Thread 18" [_thread_blocked, id=25496, stack(0x000000772c400000,0x000000772c500000)]
  0x000001ed5efaf800 JavaThread "Unconstrained build operations Thread 19" [_thread_blocked, id=17588, stack(0x000000772c500000,0x000000772c600000)]
  0x000001ed5efb3000 JavaThread "Unconstrained build operations Thread 20" [_thread_blocked, id=16560, stack(0x000000772c600000,0x000000772c700000)]
  0x000001ed5efaf000 JavaThread "Unconstrained build operations Thread 21" [_thread_blocked, id=3384, stack(0x000000772c700000,0x000000772c800000)]
  0x000001ed671a8800 JavaThread "Unconstrained build operations Thread 22" [_thread_blocked, id=24644, stack(0x000000772c800000,0x000000772c900000)]
  0x000001ed671a9800 JavaThread "Unconstrained build operations Thread 23" [_thread_blocked, id=20544, stack(0x000000772c900000,0x000000772ca00000)]
  0x000001ed671a8000 JavaThread "Unconstrained build operations Thread 24" [_thread_blocked, id=12260, stack(0x000000772ca00000,0x000000772cb00000)]
  0x000001ed671ac800 JavaThread "Unconstrained build operations Thread 25" [_thread_blocked, id=17908, stack(0x000000772cb00000,0x000000772cc00000)]
  0x000001ed671ab000 JavaThread "Unconstrained build operations Thread 26" [_thread_blocked, id=12272, stack(0x000000772cc00000,0x000000772cd00000)]
  0x000001ed671ac000 JavaThread "Unconstrained build operations Thread 27" [_thread_blocked, id=10604, stack(0x000000772cd00000,0x000000772ce00000)]
  0x000001ed671af000 JavaThread "Unconstrained build operations Thread 28" [_thread_blocked, id=16476, stack(0x000000772ce00000,0x000000772cf00000)]
  0x000001ed671aa000 JavaThread "Unconstrained build operations Thread 29" [_thread_blocked, id=16428, stack(0x000000772cf00000,0x000000772d000000)]
  0x000001ed671b1800 JavaThread "Unconstrained build operations Thread 30" [_thread_blocked, id=19932, stack(0x000000772d000000,0x000000772d100000)]
  0x000001ed671ad800 JavaThread "Unconstrained build operations Thread 31" [_thread_blocked, id=16796, stack(0x000000772d100000,0x000000772d200000)]
  0x000001ed671b0000 JavaThread "Unconstrained build operations Thread 32" [_thread_blocked, id=2800, stack(0x000000772d200000,0x000000772d300000)]
  0x000001ed671b4000 JavaThread "Unconstrained build operations Thread 33" [_thread_blocked, id=23276, stack(0x000000772d300000,0x000000772d400000)]
  0x000001ed671b6800 JavaThread "Unconstrained build operations Thread 34" [_thread_blocked, id=20944, stack(0x000000772d400000,0x000000772d500000)]
  0x000001ed671b2800 JavaThread "Unconstrained build operations Thread 35" [_thread_blocked, id=23604, stack(0x000000772d500000,0x000000772d600000)]
  0x000001ed671b1000 JavaThread "Unconstrained build operations Thread 36" [_thread_blocked, id=18672, stack(0x000000772d600000,0x000000772d700000)]
  0x000001ed671b3000 JavaThread "Unconstrained build operations Thread 37" [_thread_blocked, id=3904, stack(0x000000772d700000,0x000000772d800000)]
  0x000001ed671b5000 JavaThread "Unconstrained build operations Thread 38" [_thread_blocked, id=20356, stack(0x000000772d800000,0x000000772d900000)]
  0x000001ed63e67000 JavaThread "Unconstrained build operations Thread 39" [_thread_blocked, id=14188, stack(0x000000772d900000,0x000000772da00000)]
  0x000001ed63e66000 JavaThread "Unconstrained build operations Thread 40" [_thread_blocked, id=19276, stack(0x000000772da00000,0x000000772db00000)]
  0x000001ed63e68800 JavaThread "Unconstrained build operations Thread 41" [_thread_blocked, id=1816, stack(0x000000772db00000,0x000000772dc00000)]
  0x000001ed63e67800 JavaThread "Unconstrained build operations Thread 42" [_thread_blocked, id=23652, stack(0x000000772dc00000,0x000000772dd00000)]
  0x000001ed63e63800 JavaThread "Unconstrained build operations Thread 43" [_thread_blocked, id=17572, stack(0x000000772dd00000,0x000000772de00000)]
  0x000001ed63e65000 JavaThread "Unconstrained build operations Thread 44" [_thread_blocked, id=17852, stack(0x000000772de00000,0x000000772df00000)]
  0x000001ed63e63000 JavaThread "Unconstrained build operations Thread 45" [_thread_blocked, id=17016, stack(0x000000772df00000,0x000000772e000000)]
  0x000001ed63e69800 JavaThread "Unconstrained build operations Thread 46" [_thread_blocked, id=16728, stack(0x000000772e000000,0x000000772e100000)]
  0x000001ed63e6a000 JavaThread "Unconstrained build operations Thread 47" [_thread_blocked, id=21380, stack(0x000000772e100000,0x000000772e200000)]
  0x000001ed63e64800 JavaThread "Unconstrained build operations Thread 48" [_thread_blocked, id=12496, stack(0x000000772e200000,0x000000772e300000)]
  0x000001ed63e6d800 JavaThread "Unconstrained build operations Thread 49" [_thread_blocked, id=25040, stack(0x000000772e300000,0x000000772e400000)]
  0x000001ed63e6b000 JavaThread "Unconstrained build operations Thread 50" [_thread_blocked, id=21860, stack(0x000000772e400000,0x000000772e500000)]
  0x000001ed63e6e000 JavaThread "Unconstrained build operations Thread 51" [_thread_blocked, id=2404, stack(0x000000772e500000,0x000000772e600000)]
  0x000001ed63e6c800 JavaThread "Unconstrained build operations Thread 52" [_thread_blocked, id=13632, stack(0x000000772e600000,0x000000772e700000)]
  0x000001ed63e6f000 JavaThread "Unconstrained build operations Thread 53" [_thread_blocked, id=3032, stack(0x000000772e700000,0x000000772e800000)]
  0x000001ed63e70000 JavaThread "Unconstrained build operations Thread 54" [_thread_blocked, id=25076, stack(0x000000772e800000,0x000000772e900000)]
  0x000001ed63e70800 JavaThread "Unconstrained build operations Thread 55" [_thread_blocked, id=14332, stack(0x000000772e900000,0x000000772ea00000)]
  0x000001ed6a044000 JavaThread "Unconstrained build operations Thread 56" [_thread_blocked, id=24120, stack(0x000000772ea00000,0x000000772eb00000)]
  0x000001ed6a044800 JavaThread "Unconstrained build operations Thread 57" [_thread_blocked, id=21872, stack(0x000000772eb00000,0x000000772ec00000)]
  0x000001ed6a043000 JavaThread "Unconstrained build operations Thread 58" [_thread_blocked, id=20620, stack(0x000000772ec00000,0x000000772ed00000)]
  0x000001ed6a03f000 JavaThread "Unconstrained build operations Thread 59" [_thread_blocked, id=16756, stack(0x000000772ed00000,0x000000772ee00000)]
  0x000001ed6a045800 JavaThread "Unconstrained build operations Thread 60" [_thread_blocked, id=10960, stack(0x000000772ee00000,0x000000772ef00000)]
  0x000001ed6a046800 JavaThread "Unconstrained build operations Thread 61" [_thread_blocked, id=24412, stack(0x000000772ef00000,0x000000772f000000)]
  0x000001ed6a040800 JavaThread "Unconstrained build operations Thread 62" [_thread_blocked, id=10508, stack(0x000000772f000000,0x000000772f100000)]
  0x000001ed6a047000 JavaThread "Unconstrained build operations Thread 63" [_thread_blocked, id=10908, stack(0x000000772f100000,0x000000772f200000)]
  0x000001ed6a041800 JavaThread "Unconstrained build operations Thread 64" [_thread_blocked, id=24288, stack(0x000000772f200000,0x000000772f300000)]
  0x000001ed6a04a800 JavaThread "Unconstrained build operations Thread 65" [_thread_blocked, id=20232, stack(0x000000772f300000,0x000000772f400000)]
  0x000001ed6a049000 JavaThread "Unconstrained build operations Thread 66" [_thread_blocked, id=23468, stack(0x000000772f400000,0x000000772f500000)]
  0x000001ed6a04b800 JavaThread "Unconstrained build operations Thread 67" [_thread_blocked, id=16604, stack(0x000000772f500000,0x000000772f600000)]
  0x000001ed6a048000 JavaThread "Unconstrained build operations Thread 68" [_thread_blocked, id=23056, stack(0x000000772f600000,0x000000772f700000)]
  0x000001ed6a04d800 JavaThread "Unconstrained build operations Thread 69" [_thread_blocked, id=812, stack(0x000000772f700000,0x000000772f800000)]
  0x000001ed6a049800 JavaThread "Unconstrained build operations Thread 70" [_thread_blocked, id=4748, stack(0x000000772f800000,0x000000772f900000)]
  0x000001ed6a04c000 JavaThread "Unconstrained build operations Thread 71" [_thread_blocked, id=23088, stack(0x000000772f900000,0x000000772fa00000)]
  0x000001ed65ebb000 JavaThread "Unconstrained build operations Thread 72" [_thread_blocked, id=22236, stack(0x000000772fa00000,0x000000772fb00000)]
  0x000001ed65ebc000 JavaThread "Unconstrained build operations Thread 73" [_thread_blocked, id=19612, stack(0x000000772fb00000,0x000000772fc00000)]
  0x000001ed65eba000 JavaThread "Unconstrained build operations Thread 74" [_thread_blocked, id=19328, stack(0x000000772fc00000,0x000000772fd00000)]
  0x000001ed65ebc800 JavaThread "Unconstrained build operations Thread 75" [_thread_blocked, id=13560, stack(0x000000772fd00000,0x000000772fe00000)]
  0x000001ed65ebd800 JavaThread "Unconstrained build operations Thread 76" [_thread_blocked, id=2996, stack(0x000000772fe00000,0x000000772ff00000)]
  0x000001ed65ebe800 JavaThread "Unconstrained build operations Thread 77" [_thread_blocked, id=12532, stack(0x000000772ff00000,0x0000007730000000)]
  0x000001ed65eb8800 JavaThread "Unconstrained build operations Thread 78" [_thread_blocked, id=14632, stack(0x0000007730000000,0x0000007730100000)]
  0x000001ed65eb9800 JavaThread "Unconstrained build operations Thread 79" [_thread_blocked, id=5796, stack(0x0000007730100000,0x0000007730200000)]
  0x000001ed65ec2800 JavaThread "Unconstrained build operations Thread 80" [_thread_blocked, id=17628, stack(0x0000007730200000,0x0000007730300000)]
  0x000001ed65ec1000 JavaThread "build event listener" [_thread_blocked, id=5404, stack(0x0000007730300000,0x0000007730400000)]
  0x000001ed65ec3000 JavaThread "Execution worker for ':'" [_thread_blocked, id=25340, stack(0x0000007730400000,0x0000007730500000)]
  0x000001ed65ec5000 JavaThread "Execution worker for ':' Thread 2" [_thread_blocked, id=8040, stack(0x0000007730600000,0x0000007730700000)]
  0x000001ed65ec4000 JavaThread "Execution worker for ':' Thread 3" [_thread_blocked, id=15744, stack(0x0000007730700000,0x0000007730800000)]
  0x000001ed65ec1800 JavaThread "Execution worker for ':' Thread 4" [_thread_blocked, id=8032, stack(0x0000007730800000,0x0000007730900000)]
  0x000001ed65ec7800 JavaThread "Execution worker for ':' Thread 5" [_thread_blocked, id=23292, stack(0x0000007730900000,0x0000007730a00000)]
  0x000001ed65ec5800 JavaThread "Execution worker for ':' Thread 6" [_thread_blocked, id=23232, stack(0x0000007730a00000,0x0000007730b00000)]
  0x000001ed5fb1d800 JavaThread "Execution worker for ':' Thread 7" [_thread_blocked, id=3440, stack(0x0000007730b00000,0x0000007730c00000)]
  0x000001ed5fb25800 JavaThread "Cache worker for execution history cache (D:\Documents\MyCode\AndroidStudioProjects\GuardElves\.gradle\7.2\executionHistory)" [_thread_blocked, id=6736, stack(0x0000007730c00000,0x0000007730d00000)]
  0x000001ed5fb26800 JavaThread "WorkerExecutor Queue" [_thread_blocked, id=1780, stack(0x0000007730d00000,0x0000007730e00000)]

Other Threads:
=>0x000001ed5ea35800 VMThread "VM Thread" [stack: 0x0000007728100000,0x0000007728200000] [id=15820]
  0x000001ed5ec1f000 WatcherThread [stack: 0x0000007728b00000,0x0000007728c00000] [id=24572]
  0x000001ed43d25000 GCTaskThread "GC Thread#0" [stack: 0x0000007727c00000,0x0000007727d00000] [id=21896]
  0x000001ed5f7ad800 GCTaskThread "GC Thread#1" [stack: 0x0000007728d00000,0x0000007728e00000] [id=21980]
  0x000001ed5f858000 GCTaskThread "GC Thread#2" [stack: 0x0000007728e00000,0x0000007728f00000] [id=14300]
  0x000001ed5f5fa800 GCTaskThread "GC Thread#3" [stack: 0x0000007728f00000,0x0000007729000000] [id=1664]
  0x000001ed5f5fb000 GCTaskThread "GC Thread#4" [stack: 0x0000007729000000,0x0000007729100000] [id=22676]
  0x000001ed5f5a3800 GCTaskThread "GC Thread#5" [stack: 0x0000007729100000,0x0000007729200000] [id=10664]
  0x000001ed60249800 GCTaskThread "GC Thread#6" [stack: 0x0000007729b00000,0x0000007729c00000] [id=12228]
  0x000001ed60c00800 GCTaskThread "GC Thread#7" [stack: 0x0000007729c00000,0x0000007729d00000] [id=13932]
  0x000001ed43d58800 ConcurrentGCThread "G1 Main Marker" [stack: 0x0000007727d00000,0x0000007727e00000] [id=19184]
  0x000001ed43d5a800 ConcurrentGCThread "G1 Conc#0" [stack: 0x0000007727e00000,0x0000007727f00000] [id=22684]
  0x000001ed61bde000 ConcurrentGCThread "G1 Conc#1" [stack: 0x0000007729f00000,0x000000772a000000] [id=20676]
  0x000001ed5e064800 ConcurrentGCThread "G1 Refine#0" [stack: 0x0000007727f00000,0x0000007728000000] [id=24904]
  0x000001ed64f97800 ConcurrentGCThread "G1 Refine#1" [stack: 0x0000007729800000,0x0000007729900000] [id=23960]
  0x000001ed5e065000 ConcurrentGCThread "G1 Young RemSet Sampling" [stack: 0x0000007728000000,0x0000007728100000] [id=21300]

Threads with active compile tasks:
C2 CompilerThread09004690 26585       4       com.android.tools.r8.internal.SR0::a (1133 bytes)
C1 CompilerThread09004690 26610       2       com.android.tools.r8.ir.regalloc.b::a (328 bytes)
C2 CompilerThread19004690 25550 %     4       com.android.tools.r8.internal.lH0::a @ 80 (6068 bytes)
C2 CompilerThread29004690 26412       4       com.android.tools.r8.internal.x81::a (282 bytes)

VM state:at safepoint (normal execution)

VM Mutex/Monitor currently owned by a thread:  ([mutex/lock_event])
[0x000001ed43cffb30] Threads_lock - owner thread: 0x000001ed5ea35800
[0x000001ed43d099a0] Heap_lock - owner thread: 0x000001ed65ec2800

Heap address: 0x0000000080000000, size: 2048 MB, Compressed Oops mode: 32-bit
Narrow klass base: 0x0000000000000000, Narrow klass shift: 3
Compressed class space size: 1073741824 Address: 0x0000000100000000

Heap:
 garbage-first heap   total 467968K, used 206863K [0x0000000080000000, 0x0000000100000000)
  region size 1024K, 5 young (5120K), 5 survivors (5120K)
 Metaspace       used 138017K, capacity 141838K, committed 151464K, reserved 1181696K
  class space    used 17197K, capacity 18632K, committed 20428K, reserved 1048576K
Heap Regions: E=young(eden), S=young(survivor), O=old, HS=humongous(starts), HC=humongous(continues), CS=collection set, F=free, A=archive, TAMS=top-at-mark-start (previous, next)
|   0|0x0000000080000000, 0x0000000080100000, 0x0000000080100000|100%| O|  |TAMS 0x0000000080100000, 0x0000000080100000| Untracked 
|   1|0x0000000080100000, 0x0000000080200000, 0x0000000080200000|100%| O|  |TAMS 0x0000000080200000, 0x0000000080200000| Untracked 
|   2|0x0000000080200000, 0x0000000080300000, 0x0000000080300000|100%| O|  |TAMS 0x0000000080300000, 0x0000000080300000| Untracked 
|   3|0x0000000080300000, 0x0000000080400000, 0x0000000080400000|100%|HS|  |TAMS 0x0000000080400000, 0x0000000080400000| Complete 
|   4|0x0000000080400000, 0x0000000080500000, 0x0000000080500000|100%|HC|  |TAMS 0x0000000080500000, 0x0000000080500000| Complete 
|   5|0x0000000080500000, 0x0000000080600000, 0x0000000080600000|100%|HC|  |TAMS 0x0000000080600000, 0x0000000080600000| Complete 
|   6|0x0000000080600000, 0x0000000080700000, 0x0000000080700000|100%| O|  |TAMS 0x0000000080700000, 0x0000000080700000| Untracked 
|   7|0x0000000080700000, 0x0000000080800000, 0x0000000080800000|100%| O|  |TAMS 0x0000000080800000, 0x0000000080800000| Untracked 
|   8|0x0000000080800000, 0x0000000080900000, 0x0000000080900000|100%| O|  |TAMS 0x0000000080900000, 0x0000000080900000| Untracked 
|   9|0x0000000080900000, 0x0000000080a00000, 0x0000000080a00000|100%| O|  |TAMS 0x0000000080a00000, 0x0000000080a00000| Untracked 
|  10|0x0000000080a00000, 0x0000000080b00000, 0x0000000080b00000|100%| O|  |TAMS 0x0000000080b00000, 0x0000000080b00000| Untracked 
|  11|0x0000000080b00000, 0x0000000080c00000, 0x0000000080c00000|100%| O|  |TAMS 0x0000000080c00000, 0x0000000080c00000| Untracked 
|  12|0x0000000080c00000, 0x0000000080d00000, 0x0000000080d00000|100%| O|  |TAMS 0x0000000080d00000, 0x0000000080d00000| Untracked 
|  13|0x0000000080d00000, 0x0000000080e00000, 0x0000000080e00000|100%| O|  |TAMS 0x0000000080e00000, 0x0000000080e00000| Untracked 
|  14|0x0000000080e00000, 0x0000000080f00000, 0x0000000080f00000|100%| O|  |TAMS 0x0000000080f00000, 0x0000000080f00000| Untracked 
|  15|0x0000000080f00000, 0x0000000081000000, 0x0000000081000000|100%| O|  |TAMS 0x0000000081000000, 0x0000000081000000| Untracked 
|  16|0x0000000081000000, 0x0000000081100000, 0x0000000081100000|100%| O|  |TAMS 0x0000000081100000, 0x0000000081100000| Untracked 
|  17|0x0000000081100000, 0x0000000081200000, 0x0000000081200000|100%|HS|  |TAMS 0x0000000081200000, 0x0000000081200000| Complete 
|  18|0x0000000081200000, 0x0000000081300000, 0x0000000081300000|100%|HC|  |TAMS 0x0000000081300000, 0x0000000081300000| Complete 
|  19|0x0000000081300000, 0x0000000081400000, 0x0000000081400000|100%|HS|  |TAMS 0x0000000081400000, 0x0000000081400000| Complete 
|  20|0x0000000081400000, 0x0000000081500000, 0x0000000081500000|100%|HC|  |TAMS 0x0000000081500000, 0x0000000081500000| Complete 
|  21|0x0000000081500000, 0x0000000081600000, 0x0000000081600000|100%|HC|  |TAMS 0x0000000081600000, 0x0000000081600000| Complete 
|  22|0x0000000081600000, 0x0000000081700000, 0x0000000081700000|100%|HS|  |TAMS 0x0000000081700000, 0x0000000081700000| Complete 
|  23|0x0000000081700000, 0x0000000081800000, 0x0000000081800000|100%|HC|  |TAMS 0x0000000081800000, 0x0000000081800000| Complete 
|  24|0x0000000081800000, 0x0000000081900000, 0x0000000081900000|100%|HC|  |TAMS 0x0000000081900000, 0x0000000081900000| Complete 
|  25|0x0000000081900000, 0x0000000081a00000, 0x0000000081a00000|100%|HC|  |TAMS 0x0000000081a00000, 0x0000000081a00000| Complete 
|  26|0x0000000081a00000, 0x0000000081b00000, 0x0000000081b00000|100%|HS|  |TAMS 0x0000000081b00000, 0x0000000081b00000| Complete 
|  27|0x0000000081b00000, 0x0000000081c00000, 0x0000000081c00000|100%|HS|  |TAMS 0x0000000081c00000, 0x0000000081c00000| Complete 
|  28|0x0000000081c00000, 0x0000000081d00000, 0x0000000081d00000|100%|HS|  |TAMS 0x0000000081d00000, 0x0000000081d00000| Complete 
|  29|0x0000000081d00000, 0x0000000081e00000, 0x0000000081e00000|100%|HS|  |TAMS 0x0000000081e00000, 0x0000000081e00000| Complete 
|  30|0x0000000081e00000, 0x0000000081f00000, 0x0000000081f00000|100%|HC|  |TAMS 0x0000000081f00000, 0x0000000081f00000| Complete 
|  31|0x0000000081f00000, 0x0000000082000000, 0x0000000082000000|100%|HC|  |TAMS 0x0000000082000000, 0x0000000082000000| Complete 
|  32|0x0000000082000000, 0x0000000082100000, 0x0000000082100000|100%| O|  |TAMS 0x0000000082100000, 0x0000000082100000| Untracked 
|  33|0x0000000082100000, 0x0000000082200000, 0x0000000082200000|100%| O|  |TAMS 0x0000000082200000, 0x0000000082200000| Untracked 
|  34|0x0000000082200000, 0x0000000082300000, 0x0000000082300000|100%| O|  |TAMS 0x0000000082300000, 0x0000000082300000| Untracked 
|  35|0x0000000082300000, 0x0000000082400000, 0x0000000082400000|100%| O|  |TAMS 0x0000000082400000, 0x0000000082400000| Untracked 
|  36|0x0000000082400000, 0x0000000082500000, 0x0000000082500000|100%|HS|  |TAMS 0x0000000082500000, 0x0000000082500000| Complete 
|  37|0x0000000082500000, 0x0000000082600000, 0x0000000082600000|100%|HC|  |TAMS 0x0000000082600000, 0x0000000082600000| Complete 
|  38|0x0000000082600000, 0x0000000082700000, 0x0000000082700000|100%| O|  |TAMS 0x0000000082700000, 0x0000000082700000| Untracked 
|  39|0x0000000082700000, 0x0000000082800000, 0x0000000082800000|100%| O|  |TAMS 0x0000000082800000, 0x0000000082800000| Untracked 
|  40|0x0000000082800000, 0x0000000082900000, 0x0000000082900000|100%| O|  |TAMS 0x0000000082900000, 0x0000000082900000| Untracked 
|  41|0x0000000082900000, 0x0000000082a00000, 0x0000000082a00000|100%| O|  |TAMS 0x0000000082a00000, 0x0000000082a00000| Untracked 
|  42|0x0000000082a00000, 0x0000000082b00000, 0x0000000082b00000|100%| O|  |TAMS 0x0000000082b00000, 0x0000000082b00000| Untracked 
|  43|0x0000000082b00000, 0x0000000082c00000, 0x0000000082c00000|100%| O|  |TAMS 0x0000000082c00000, 0x0000000082c00000| Untracked 
|  44|0x0000000082c00000, 0x0000000082d00000, 0x0000000082d00000|100%| O|  |TAMS 0x0000000082d00000, 0x0000000082d00000| Untracked 
|  45|0x0000000082d00000, 0x0000000082e00000, 0x0000000082e00000|100%| O|  |TAMS 0x0000000082e00000, 0x0000000082e00000| Untracked 
|  46|0x0000000082e00000, 0x0000000082f00000, 0x0000000082f00000|100%| O|  |TAMS 0x0000000082f00000, 0x0000000082f00000| Untracked 
|  47|0x0000000082f00000, 0x0000000083000000, 0x0000000083000000|100%| O|  |TAMS 0x0000000083000000, 0x0000000083000000| Untracked 
|  48|0x0000000083000000, 0x0000000083100000, 0x0000000083100000|100%| O|  |TAMS 0x0000000083100000, 0x0000000083100000| Untracked 
|  49|0x0000000083100000, 0x0000000083200000, 0x0000000083200000|100%| O|  |TAMS 0x0000000083200000, 0x0000000083200000| Untracked 
|  50|0x0000000083200000, 0x0000000083300000, 0x0000000083300000|100%| O|  |TAMS 0x0000000083300000, 0x0000000083300000| Untracked 
|  51|0x0000000083300000, 0x0000000083400000, 0x0000000083400000|100%| O|  |TAMS 0x0000000083400000, 0x0000000083400000| Untracked 
|  52|0x0000000083400000, 0x0000000083500000, 0x0000000083500000|100%| O|  |TAMS 0x0000000083500000, 0x0000000083500000| Untracked 
|  53|0x0000000083500000, 0x0000000083600000, 0x0000000083600000|100%| O|  |TAMS 0x0000000083600000, 0x0000000083600000| Untracked 
|  54|0x0000000083600000, 0x0000000083700000, 0x0000000083700000|100%| O|  |TAMS 0x0000000083700000, 0x0000000083700000| Untracked 
|  55|0x0000000083700000, 0x0000000083800000, 0x0000000083800000|100%| O|  |TAMS 0x0000000083800000, 0x0000000083800000| Untracked 
|  56|0x0000000083800000, 0x0000000083900000, 0x0000000083900000|100%| O|  |TAMS 0x0000000083900000, 0x0000000083900000| Untracked 
|  57|0x0000000083900000, 0x0000000083a00000, 0x0000000083a00000|100%| O|  |TAMS 0x0000000083a00000, 0x0000000083a00000| Untracked 
|  58|0x0000000083a00000, 0x0000000083b00000, 0x0000000083b00000|100%| O|  |TAMS 0x0000000083b00000, 0x0000000083b00000| Untracked 
|  59|0x0000000083b00000, 0x0000000083c00000, 0x0000000083c00000|100%| O|  |TAMS 0x0000000083c00000, 0x0000000083c00000| Untracked 
|  60|0x0000000083c00000, 0x0000000083d00000, 0x0000000083d00000|100%| O|  |TAMS 0x0000000083d00000, 0x0000000083d00000| Untracked 
|  61|0x0000000083d00000, 0x0000000083e00000, 0x0000000083e00000|100%| O|  |TAMS 0x0000000083e00000, 0x0000000083e00000| Untracked 
|  62|0x0000000083e00000, 0x0000000083f00000, 0x0000000083f00000|100%| O|  |TAMS 0x0000000083f00000, 0x0000000083f00000| Untracked 
|  63|0x0000000083f00000, 0x0000000084000000, 0x0000000084000000|100%| O|  |TAMS 0x0000000084000000, 0x0000000084000000| Untracked 
|  64|0x0000000084000000, 0x0000000084100000, 0x0000000084100000|100%| O|  |TAMS 0x0000000084100000, 0x0000000084100000| Untracked 
|  65|0x0000000084100000, 0x0000000084200000, 0x0000000084200000|100%| O|  |TAMS 0x0000000084200000, 0x0000000084200000| Untracked 
|  66|0x0000000084200000, 0x0000000084300000, 0x0000000084300000|100%| O|  |TAMS 0x0000000084300000, 0x0000000084300000| Untracked 
|  67|0x0000000084300000, 0x0000000084400000, 0x0000000084400000|100%| O|  |TAMS 0x0000000084400000, 0x0000000084400000| Untracked 
|  68|0x0000000084400000, 0x0000000084500000, 0x0000000084500000|100%| O|  |TAMS 0x0000000084500000, 0x0000000084500000| Untracked 
|  69|0x0000000084500000, 0x0000000084600000, 0x0000000084600000|100%|HS|  |TAMS 0x0000000084600000, 0x0000000084600000| Complete 
|  70|0x0000000084600000, 0x0000000084700000, 0x0000000084700000|100%|HC|  |TAMS 0x0000000084700000, 0x0000000084700000| Complete 
|  71|0x0000000084700000, 0x0000000084800000, 0x0000000084800000|100%|HS|  |TAMS 0x0000000084800000, 0x0000000084800000| Complete 
|  72|0x0000000084800000, 0x0000000084900000, 0x0000000084900000|100%|HC|  |TAMS 0x0000000084900000, 0x0000000084900000| Complete 
|  73|0x0000000084900000, 0x0000000084a00000, 0x0000000084a00000|100%|HC|  |TAMS 0x0000000084a00000, 0x0000000084a00000| Complete 
|  74|0x0000000084a00000, 0x0000000084b00000, 0x0000000084b00000|100%|HS|  |TAMS 0x0000000084b00000, 0x0000000084b00000| Complete 
|  75|0x0000000084b00000, 0x0000000084c00000, 0x0000000084c00000|100%|HC|  |TAMS 0x0000000084c00000, 0x0000000084c00000| Complete 
|  76|0x0000000084c00000, 0x0000000084d00000, 0x0000000084d00000|100%|HC|  |TAMS 0x0000000084d00000, 0x0000000084d00000| Complete 
|  77|0x0000000084d00000, 0x0000000084e00000, 0x0000000084e00000|100%|HC|  |TAMS 0x0000000084e00000, 0x0000000084e00000| Complete 
|  78|0x0000000084e00000, 0x0000000084f00000, 0x0000000084f00000|100%| O|  |TAMS 0x0000000084f00000, 0x0000000084f00000| Untracked 
|  79|0x0000000084f00000, 0x0000000085000000, 0x0000000085000000|100%| O|  |TAMS 0x0000000085000000, 0x0000000085000000| Untracked 
|  80|0x0000000085000000, 0x0000000085100000, 0x0000000085100000|100%| O|  |TAMS 0x0000000085100000, 0x0000000085100000| Untracked 
|  81|0x0000000085100000, 0x0000000085200000, 0x0000000085200000|100%| O|  |TAMS 0x0000000085200000, 0x0000000085200000| Untracked 
|  82|0x0000000085200000, 0x0000000085300000, 0x0000000085300000|100%| O|  |TAMS 0x0000000085300000, 0x0000000085300000| Untracked 
|  83|0x0000000085300000, 0x0000000085400000, 0x0000000085400000|100%| O|  |TAMS 0x0000000085400000, 0x0000000085400000| Untracked 
|  84|0x0000000085400000, 0x0000000085500000, 0x0000000085500000|100%| O|  |TAMS 0x0000000085500000, 0x0000000085500000| Untracked 
|  85|0x0000000085500000, 0x0000000085600000, 0x0000000085600000|100%| O|  |TAMS 0x0000000085600000, 0x0000000085600000| Untracked 
|  86|0x0000000085600000, 0x0000000085700000, 0x0000000085700000|100%| O|  |TAMS 0x0000000085700000, 0x0000000085700000| Untracked 
|  87|0x0000000085700000, 0x0000000085800000, 0x0000000085800000|100%| O|  |TAMS 0x0000000085800000, 0x0000000085800000| Untracked 
|  88|0x0000000085800000, 0x0000000085900000, 0x0000000085900000|100%| O|  |TAMS 0x0000000085900000, 0x0000000085900000| Untracked 
|  89|0x0000000085900000, 0x0000000085a00000, 0x0000000085a00000|100%| O|  |TAMS 0x0000000085a00000, 0x0000000085a00000| Untracked 
|  90|0x0000000085a00000, 0x0000000085b00000, 0x0000000085b00000|100%| O|  |TAMS 0x0000000085b00000, 0x0000000085b00000| Untracked 
|  91|0x0000000085b00000, 0x0000000085c00000, 0x0000000085c00000|100%| O|  |TAMS 0x0000000085b00000, 0x0000000085b00000| Untracked 
|  92|0x0000000085c00000, 0x0000000085d00000, 0x0000000085d00000|100%| O|  |TAMS 0x0000000085d00000, 0x0000000085d00000| Untracked 
|  93|0x0000000085d00000, 0x0000000085e00000, 0x0000000085e00000|100%| O|  |TAMS 0x0000000085d00000, 0x0000000085e00000| Untracked 
|  94|0x0000000085e00000, 0x0000000085f00000, 0x0000000085f00000|100%| O|  |TAMS 0x0000000085e00000, 0x0000000085e00000| Untracked 
|  95|0x0000000085f00000, 0x0000000086000000, 0x0000000086000000|100%| O|  |TAMS 0x0000000086000000, 0x0000000086000000| Untracked 
|  96|0x0000000086000000, 0x0000000086100000, 0x0000000086100000|100%|HS|  |TAMS 0x0000000086100000, 0x0000000086100000| Complete 
|  97|0x0000000086100000, 0x0000000086200000, 0x0000000086200000|100%|HC|  |TAMS 0x0000000086200000, 0x0000000086200000| Complete 
|  98|0x0000000086200000, 0x0000000086300000, 0x0000000086300000|100%| O|  |TAMS 0x0000000086300000, 0x0000000086300000| Untracked 
|  99|0x0000000086300000, 0x0000000086400000, 0x0000000086400000|100%| O|  |TAMS 0x0000000086400000, 0x0000000086400000| Untracked 
| 100|0x0000000086400000, 0x0000000086500000, 0x0000000086500000|100%| O|  |TAMS 0x0000000086500000, 0x0000000086500000| Untracked 
| 101|0x0000000086500000, 0x0000000086600000, 0x0000000086600000|100%| O|  |TAMS 0x0000000086600000, 0x0000000086600000| Untracked 
| 102|0x0000000086600000, 0x0000000086700000, 0x0000000086700000|100%| O|  |TAMS 0x0000000086700000, 0x0000000086700000| Untracked 
| 103|0x0000000086700000, 0x0000000086800000, 0x0000000086800000|100%| O|  |TAMS 0x0000000086700000, 0x0000000086800000| Untracked 
| 104|0x0000000086800000, 0x0000000086900000, 0x0000000086900000|100%| O|  |TAMS 0x0000000086900000, 0x0000000086900000| Untracked 
| 105|0x0000000086900000, 0x0000000086a00000, 0x0000000086a00000|100%| O|  |TAMS 0x0000000086a00000, 0x0000000086a00000| Untracked 
| 106|0x0000000086a00000, 0x0000000086b00000, 0x0000000086b00000|100%| O|  |TAMS 0x0000000086b00000, 0x0000000086b00000| Untracked 
| 107|0x0000000086b00000, 0x0000000086c00000, 0x0000000086c00000|100%| O|  |TAMS 0x0000000086c00000, 0x0000000086c00000| Untracked 
| 108|0x0000000086c00000, 0x0000000086d00000, 0x0000000086d00000|100%| O|  |TAMS 0x0000000086d00000, 0x0000000086d00000| Untracked 
| 109|0x0000000086d00000, 0x0000000086e00000, 0x0000000086e00000|100%| O|  |TAMS 0x0000000086e00000, 0x0000000086e00000| Untracked 
| 110|0x0000000086e00000, 0x0000000086f00000, 0x0000000086f00000|100%| O|  |TAMS 0x0000000086e00000, 0x0000000086f00000| Untracked 
| 111|0x0000000086f00000, 0x0000000087000000, 0x0000000087000000|100%| O|  |TAMS 0x0000000087000000, 0x0000000087000000| Untracked 
| 112|0x0000000087000000, 0x0000000087100000, 0x0000000087100000|100%| O|  |TAMS 0x0000000087100000, 0x0000000087100000| Untracked 
| 113|0x0000000087100000, 0x0000000087200000, 0x0000000087200000|100%| O|  |TAMS 0x0000000087200000, 0x0000000087200000| Untracked 
| 114|0x0000000087200000, 0x0000000087300000, 0x0000000087300000|100%| O|  |TAMS 0x0000000087300000, 0x0000000087300000| Untracked 
| 115|0x0000000087300000, 0x0000000087400000, 0x0000000087400000|100%| O|  |TAMS 0x0000000087400000, 0x0000000087400000| Untracked 
| 116|0x0000000087400000, 0x0000000087500000, 0x0000000087500000|100%| O|  |TAMS 0x0000000087500000, 0x0000000087500000| Untracked 
| 117|0x0000000087500000, 0x0000000087600000, 0x0000000087600000|100%| O|  |TAMS 0x0000000087500000, 0x0000000087600000| Untracked 
| 118|0x0000000087600000, 0x0000000087700000, 0x0000000087700000|100%| O|  |TAMS 0x0000000087700000, 0x0000000087700000| Untracked 
| 119|0x0000000087700000, 0x0000000087800000, 0x0000000087800000|100%| O|  |TAMS 0x0000000087800000, 0x0000000087800000| Untracked 
| 120|0x0000000087800000, 0x0000000087900000, 0x0000000087900000|100%| O|  |TAMS 0x0000000087800000, 0x0000000087800000| Untracked 
| 121|0x0000000087900000, 0x0000000087a00000, 0x0000000087a00000|100%| O|  |TAMS 0x0000000087a00000, 0x0000000087a00000| Untracked 
| 122|0x0000000087a00000, 0x0000000087b00000, 0x0000000087b00000|100%| O|  |TAMS 0x0000000087b00000, 0x0000000087b00000| Untracked 
| 123|0x0000000087b00000, 0x0000000087c00000, 0x0000000087c00000|100%| O|  |TAMS 0x0000000087c00000, 0x0000000087c00000| Untracked 
| 124|0x0000000087c00000, 0x0000000087d00000, 0x0000000087d00000|100%| O|  |TAMS 0x0000000087d00000, 0x0000000087d00000| Untracked 
| 125|0x0000000087d00000, 0x0000000087e00000, 0x0000000087e00000|100%| O|  |TAMS 0x0000000087e00000, 0x0000000087e00000| Untracked 
| 126|0x0000000087e00000, 0x0000000087f00000, 0x0000000087f00000|100%| O|  |TAMS 0x0000000087f00000, 0x0000000087f00000| Untracked 
| 127|0x0000000087f00000, 0x0000000088000000, 0x0000000088000000|100%| O|  |TAMS 0x0000000088000000, 0x0000000088000000| Untracked 
| 128|0x0000000088000000, 0x0000000088100000, 0x0000000088100000|100%| O|  |TAMS 0x0000000088100000, 0x0000000088100000| Untracked 
| 129|0x0000000088100000, 0x0000000088200000, 0x0000000088200000|100%| O|  |TAMS 0x0000000088200000, 0x0000000088200000| Untracked 
| 130|0x0000000088200000, 0x0000000088300000, 0x0000000088300000|100%| O|  |TAMS 0x0000000088300000, 0x0000000088300000| Untracked 
| 131|0x0000000088300000, 0x0000000088400000, 0x0000000088400000|100%| O|  |TAMS 0x0000000088400000, 0x0000000088400000| Untracked 
| 132|0x0000000088400000, 0x0000000088500000, 0x0000000088500000|100%| O|  |TAMS 0x0000000088500000, 0x0000000088500000| Untracked 
| 133|0x0000000088500000, 0x0000000088600000, 0x0000000088600000|100%| O|  |TAMS 0x0000000088600000, 0x0000000088600000| Untracked 
| 134|0x0000000088600000, 0x0000000088700000, 0x0000000088700000|100%| O|  |TAMS 0x0000000088700000, 0x0000000088700000| Untracked 
| 135|0x0000000088700000, 0x0000000088800000, 0x0000000088800000|100%| O|  |TAMS 0x0000000088800000, 0x0000000088800000| Untracked 
| 136|0x0000000088800000, 0x0000000088900000, 0x0000000088900000|100%| O|  |TAMS 0x0000000088900000, 0x0000000088900000| Untracked 
| 137|0x0000000088900000, 0x0000000088a00000, 0x0000000088a00000|100%| O|  |TAMS 0x0000000088a00000, 0x0000000088a00000| Untracked 
| 138|0x0000000088a00000, 0x0000000088b00000, 0x0000000088b00000|100%| O|  |TAMS 0x0000000088b00000, 0x0000000088b00000| Untracked 
| 139|0x0000000088b00000, 0x0000000088c00000, 0x0000000088c00000|100%| O|  |TAMS 0x0000000088c00000, 0x0000000088c00000| Untracked 
| 140|0x0000000088c00000, 0x0000000088d00000, 0x0000000088d00000|100%| O|  |TAMS 0x0000000088c00000, 0x0000000088d00000| Untracked 
| 141|0x0000000088d00000, 0x0000000088e00000, 0x0000000088e00000|100%| O|  |TAMS 0x0000000088e00000, 0x0000000088e00000| Untracked 
| 142|0x0000000088e00000, 0x0000000088f00000, 0x0000000088f00000|100%| O|  |TAMS 0x0000000088f00000, 0x0000000088f00000| Untracked 
| 143|0x0000000088f00000, 0x0000000089000000, 0x0000000089000000|100%| O|  |TAMS 0x0000000089000000, 0x0000000089000000| Untracked 
| 144|0x0000000089000000, 0x0000000089100000, 0x0000000089100000|100%| O|  |TAMS 0x0000000089100000, 0x0000000089100000| Untracked 
| 145|0x0000000089100000, 0x0000000089200000, 0x0000000089200000|100%| O|  |TAMS 0x0000000089200000, 0x0000000089200000| Untracked 
| 146|0x0000000089200000, 0x0000000089300000, 0x0000000089300000|100%| O|  |TAMS 0x0000000089200000, 0x0000000089200000| Untracked 
| 147|0x0000000089300000, 0x0000000089400000, 0x0000000089400000|100%| O|  |TAMS 0x0000000089400000, 0x0000000089400000| Untracked 
| 148|0x0000000089400000, 0x0000000089500000, 0x0000000089500000|100%| O|  |TAMS 0x0000000089500000, 0x0000000089500000| Untracked 
| 149|0x0000000089500000, 0x0000000089600000, 0x0000000089600000|100%| O|  |TAMS 0x0000000089600000, 0x0000000089600000| Untracked 
| 150|0x0000000089600000, 0x0000000089700000, 0x0000000089700000|100%| O|  |TAMS 0x0000000089700000, 0x0000000089700000| Untracked 
| 151|0x0000000089700000, 0x0000000089800000, 0x0000000089800000|100%| O|  |TAMS 0x0000000089800000, 0x0000000089800000| Untracked 
| 152|0x0000000089800000, 0x0000000089900000, 0x0000000089900000|100%| O|  |TAMS 0x0000000089900000, 0x0000000089900000| Untracked 
| 153|0x0000000089900000, 0x0000000089a00000, 0x0000000089a00000|100%| O|  |TAMS 0x0000000089a00000, 0x0000000089a00000| Untracked 
| 154|0x0000000089a00000, 0x0000000089b00000, 0x0000000089b00000|100%| O|  |TAMS 0x0000000089b00000, 0x0000000089b00000| Untracked 
| 155|0x0000000089b00000, 0x0000000089b95e00, 0x0000000089c00000| 58%| O|  |TAMS 0x0000000089b00000, 0x0000000089b00000| Untracked 
| 156|0x0000000089c00000, 0x0000000089d00000, 0x0000000089d00000|100%| O|  |TAMS 0x0000000089d00000, 0x0000000089d00000| Untracked 
| 157|0x0000000089d00000, 0x0000000089e00000, 0x0000000089e00000|100%| O|  |TAMS 0x0000000089e00000, 0x0000000089e00000| Untracked 
| 158|0x0000000089e00000, 0x0000000089f00000, 0x0000000089f00000|100%| O|  |TAMS 0x0000000089f00000, 0x0000000089f00000| Untracked 
| 159|0x0000000089f00000, 0x000000008a000000, 0x000000008a000000|100%| O|  |TAMS 0x000000008a000000, 0x000000008a000000| Untracked 
| 160|0x000000008a000000, 0x000000008a100000, 0x000000008a100000|100%| O|  |TAMS 0x000000008a100000, 0x000000008a100000| Untracked 
| 161|0x000000008a100000, 0x000000008a200000, 0x000000008a200000|100%| O|  |TAMS 0x000000008a200000, 0x000000008a200000| Untracked 
| 162|0x000000008a200000, 0x000000008a300000, 0x000000008a300000|100%| O|  |TAMS 0x000000008a300000, 0x000000008a300000| Untracked 
| 163|0x000000008a300000, 0x000000008a400000, 0x000000008a400000|100%| O|  |TAMS 0x000000008a400000, 0x000000008a400000| Untracked 
| 164|0x000000008a400000, 0x000000008a500000, 0x000000008a500000|100%| O|  |TAMS 0x000000008a500000, 0x000000008a500000| Untracked 
| 165|0x000000008a500000, 0x000000008a600000, 0x000000008a600000|100%| O|  |TAMS 0x000000008a600000, 0x000000008a600000| Untracked 
| 166|0x000000008a600000, 0x000000008a700000, 0x000000008a700000|100%| O|  |TAMS 0x000000008a600000, 0x000000008a700000| Untracked 
| 167|0x000000008a700000, 0x000000008a800000, 0x000000008a800000|100%| O|  |TAMS 0x000000008a800000, 0x000000008a800000| Untracked 
| 168|0x000000008a800000, 0x000000008a900000, 0x000000008a900000|100%| O|  |TAMS 0x000000008a900000, 0x000000008a900000| Untracked 
| 169|0x000000008a900000, 0x000000008aa00000, 0x000000008aa00000|100%| O|  |TAMS 0x000000008a900000, 0x000000008aa00000| Untracked 
| 170|0x000000008aa00000, 0x000000008ab00000, 0x000000008ab00000|100%| O|  |TAMS 0x000000008ab00000, 0x000000008ab00000| Untracked 
| 171|0x000000008ab00000, 0x000000008ac00000, 0x000000008ac00000|100%| O|  |TAMS 0x000000008ac00000, 0x000000008ac00000| Untracked 
| 172|0x000000008ac00000, 0x000000008ad00000, 0x000000008ad00000|100%| O|  |TAMS 0x000000008ad00000, 0x000000008ad00000| Untracked 
| 173|0x000000008ad00000, 0x000000008ae00000, 0x000000008ae00000|100%| O|  |TAMS 0x000000008ae00000, 0x000000008ae00000| Untracked 
| 174|0x000000008ae00000, 0x000000008af00000, 0x000000008af00000|100%| O|  |TAMS 0x000000008af00000, 0x000000008af00000| Untracked 
| 175|0x000000008af00000, 0x000000008af00000, 0x000000008b000000|  0%| F|  |TAMS 0x000000008af00000, 0x000000008af00000| Untracked 
| 176|0x000000008b000000, 0x000000008b100000, 0x000000008b100000|100%| O|  |TAMS 0x000000008b100000, 0x000000008b100000| Untracked 
| 177|0x000000008b100000, 0x000000008b200000, 0x000000008b200000|100%| O|  |TAMS 0x000000008b200000, 0x000000008b200000| Untracked 
| 178|0x000000008b200000, 0x000000008b300000, 0x000000008b300000|100%| O|  |TAMS 0x000000008b300000, 0x000000008b300000| Untracked 
| 179|0x000000008b300000, 0x000000008b400000, 0x000000008b400000|100%| O|  |TAMS 0x000000008b400000, 0x000000008b400000| Untracked 
| 180|0x000000008b400000, 0x000000008b500000, 0x000000008b500000|100%| O|  |TAMS 0x000000008b500000, 0x000000008b500000| Untracked 
| 181|0x000000008b500000, 0x000000008b600000, 0x000000008b600000|100%| O|  |TAMS 0x000000008b600000, 0x000000008b600000| Untracked 
| 182|0x000000008b600000, 0x000000008b700000, 0x000000008b700000|100%| O|  |TAMS 0x000000008b700000, 0x000000008b700000| Untracked 
| 183|0x000000008b700000, 0x000000008b800000, 0x000000008b800000|100%| O|  |TAMS 0x000000008b800000, 0x000000008b800000| Untracked 
| 184|0x000000008b800000, 0x000000008b900000, 0x000000008b900000|100%| O|  |TAMS 0x000000008b900000, 0x000000008b900000| Untracked 
| 185|0x000000008b900000, 0x000000008b900000, 0x000000008ba00000|  0%| F|  |TAMS 0x000000008b900000, 0x000000008b900000| Untracked 
| 186|0x000000008ba00000, 0x000000008ba00000, 0x000000008bb00000|  0%| F|  |TAMS 0x000000008ba00000, 0x000000008ba00000| Untracked 
| 187|0x000000008bb00000, 0x000000008bc00000, 0x000000008bc00000|100%| O|  |TAMS 0x000000008bb00000, 0x000000008bc00000| Untracked 
| 188|0x000000008bc00000, 0x000000008bd00000, 0x000000008bd00000|100%| O|  |TAMS 0x000000008bc00000, 0x000000008bd00000| Untracked 
| 189|0x000000008bd00000, 0x000000008be00000, 0x000000008be00000|100%| O|  |TAMS 0x000000008bd00000, 0x000000008be00000| Untracked 
| 190|0x000000008be00000, 0x000000008bf00000, 0x000000008bf00000|100%| O|  |TAMS 0x000000008be00000, 0x000000008bf00000| Untracked 
| 191|0x000000008bf00000, 0x000000008c000000, 0x000000008c000000|100%| O|  |TAMS 0x000000008bf00000, 0x000000008c000000| Untracked 
| 192|0x000000008c000000, 0x000000008c100000, 0x000000008c100000|100%| O|  |TAMS 0x000000008c000000, 0x000000008c100000| Untracked 
| 193|0x000000008c100000, 0x000000008c200000, 0x000000008c200000|100%| O|  |TAMS 0x000000008c100000, 0x000000008c200000| Untracked 
| 194|0x000000008c200000, 0x000000008c300000, 0x000000008c300000|100%| O|  |TAMS 0x000000008c200000, 0x000000008c300000| Untracked 
| 195|0x000000008c300000, 0x000000008c400000, 0x000000008c400000|100%| O|  |TAMS 0x000000008c300000, 0x000000008c400000| Untracked 
| 196|0x000000008c400000, 0x000000008c500000, 0x000000008c500000|100%| O|  |TAMS 0x000000008c400000, 0x000000008c500000| Untracked 
| 197|0x000000008c500000, 0x000000008c600000, 0x000000008c600000|100%| O|  |TAMS 0x000000008c500000, 0x000000008c600000| Untracked 
| 198|0x000000008c600000, 0x000000008c700000, 0x000000008c700000|100%| O|  |TAMS 0x000000008c600000, 0x000000008c700000| Untracked 
| 199|0x000000008c700000, 0x000000008c800000, 0x000000008c800000|100%| O|  |TAMS 0x000000008c700000, 0x000000008c800000| Untracked 
| 200|0x000000008c800000, 0x000000008c900000, 0x000000008c900000|100%| O|  |TAMS 0x000000008c800000, 0x000000008c86ca00| Untracked 
| 201|0x000000008c900000, 0x000000008c900000, 0x000000008ca00000|  0%| F|  |TAMS 0x000000008c900000, 0x000000008c900000| Untracked 
| 202|0x000000008ca00000, 0x000000008ca00000, 0x000000008cb00000|  0%| F|  |TAMS 0x000000008ca00000, 0x000000008ca00000| Untracked 
| 203|0x000000008cb00000, 0x000000008cb00000, 0x000000008cc00000|  0%| F|  |TAMS 0x000000008cb00000, 0x000000008cb00000| Untracked 
| 204|0x000000008cc00000, 0x000000008cc00000, 0x000000008cd00000|  0%| F|  |TAMS 0x000000008cc00000, 0x000000008cc00000| Untracked 
| 205|0x000000008cd00000, 0x000000008cd00000, 0x000000008ce00000|  0%| F|  |TAMS 0x000000008cd00000, 0x000000008cd00000| Untracked 
| 206|0x000000008ce00000, 0x000000008ce00000, 0x000000008cf00000|  0%| F|  |TAMS 0x000000008ce00000, 0x000000008ce00000| Untracked 
| 207|0x000000008cf00000, 0x000000008cf00000, 0x000000008d000000|  0%| F|  |TAMS 0x000000008cf00000, 0x000000008cf00000| Untracked 
| 208|0x000000008d000000, 0x000000008d000000, 0x000000008d100000|  0%| F|  |TAMS 0x000000008d000000, 0x000000008d000000| Untracked 
| 209|0x000000008d100000, 0x000000008d100000, 0x000000008d200000|  0%| F|  |TAMS 0x000000008d100000, 0x000000008d100000| Untracked 
| 210|0x000000008d200000, 0x000000008d200000, 0x000000008d300000|  0%| F|  |TAMS 0x000000008d200000, 0x000000008d200000| Untracked 
| 211|0x000000008d300000, 0x000000008d300000, 0x000000008d400000|  0%| F|  |TAMS 0x000000008d300000, 0x000000008d300000| Untracked 
| 212|0x000000008d400000, 0x000000008d400000, 0x000000008d500000|  0%| F|  |TAMS 0x000000008d400000, 0x000000008d400000| Untracked 
| 213|0x000000008d500000, 0x000000008d500000, 0x000000008d600000|  0%| F|  |TAMS 0x000000008d500000, 0x000000008d500000| Untracked 
| 214|0x000000008d600000, 0x000000008d600000, 0x000000008d700000|  0%| F|  |TAMS 0x000000008d600000, 0x000000008d600000| Untracked 
| 215|0x000000008d700000, 0x000000008d700000, 0x000000008d800000|  0%| F|  |TAMS 0x000000008d700000, 0x000000008d700000| Untracked 
| 216|0x000000008d800000, 0x000000008d800000, 0x000000008d900000|  0%| F|  |TAMS 0x000000008d800000, 0x000000008d800000| Untracked 
| 217|0x000000008d900000, 0x000000008d900000, 0x000000008da00000|  0%| F|  |TAMS 0x000000008d900000, 0x000000008d900000| Untracked 
| 218|0x000000008da00000, 0x000000008da00000, 0x000000008db00000|  0%| F|  |TAMS 0x000000008da00000, 0x000000008da00000| Untracked 
| 219|0x000000008db00000, 0x000000008db00000, 0x000000008dc00000|  0%| F|  |TAMS 0x000000008db00000, 0x000000008db00000| Untracked 
| 220|0x000000008dc00000, 0x000000008dc00000, 0x000000008dd00000|  0%| F|  |TAMS 0x000000008dc00000, 0x000000008dc00000| Untracked 
| 221|0x000000008dd00000, 0x000000008dd00000, 0x000000008de00000|  0%| F|  |TAMS 0x000000008dd00000, 0x000000008dd00000| Untracked 
| 222|0x000000008de00000, 0x000000008de00000, 0x000000008df00000|  0%| F|  |TAMS 0x000000008de00000, 0x000000008de00000| Untracked 
| 223|0x000000008df00000, 0x000000008df00000, 0x000000008e000000|  0%| F|  |TAMS 0x000000008df00000, 0x000000008df00000| Untracked 
| 224|0x000000008e000000, 0x000000008e000000, 0x000000008e100000|  0%| F|  |TAMS 0x000000008e000000, 0x000000008e000000| Untracked 
| 225|0x000000008e100000, 0x000000008e100000, 0x000000008e200000|  0%| F|  |TAMS 0x000000008e100000, 0x000000008e100000| Untracked 
| 226|0x000000008e200000, 0x000000008e200000, 0x000000008e300000|  0%| F|  |TAMS 0x000000008e200000, 0x000000008e200000| Untracked 
| 227|0x000000008e300000, 0x000000008e300000, 0x000000008e400000|  0%| F|  |TAMS 0x000000008e300000, 0x000000008e300000| Untracked 
| 228|0x000000008e400000, 0x000000008e400000, 0x000000008e500000|  0%| F|  |TAMS 0x000000008e400000, 0x000000008e400000| Untracked 
| 229|0x000000008e500000, 0x000000008e500000, 0x000000008e600000|  0%| F|  |TAMS 0x000000008e500000, 0x000000008e500000| Untracked 
| 230|0x000000008e600000, 0x000000008e600000, 0x000000008e700000|  0%| F|  |TAMS 0x000000008e600000, 0x000000008e600000| Untracked 
| 231|0x000000008e700000, 0x000000008e700000, 0x000000008e800000|  0%| F|  |TAMS 0x000000008e700000, 0x000000008e700000| Untracked 
| 232|0x000000008e800000, 0x000000008e800000, 0x000000008e900000|  0%| F|  |TAMS 0x000000008e800000, 0x000000008e800000| Untracked 
| 233|0x000000008e900000, 0x000000008e96e060, 0x000000008ea00000| 42%| S|CS|TAMS 0x000000008e900000, 0x000000008e900000| Complete 
| 234|0x000000008ea00000, 0x000000008ea00000, 0x000000008eb00000|  0%| F|  |TAMS 0x000000008ea00000, 0x000000008ea00000| Untracked 
| 235|0x000000008eb00000, 0x000000008eb00000, 0x000000008ec00000|  0%| F|  |TAMS 0x000000008eb00000, 0x000000008eb00000| Untracked 
| 236|0x000000008ec00000, 0x000000008ec00000, 0x000000008ed00000|  0%| F|  |TAMS 0x000000008ec00000, 0x000000008ec00000| Untracked 
| 237|0x000000008ed00000, 0x000000008ed00000, 0x000000008ee00000|  0%| F|  |TAMS 0x000000008ed00000, 0x000000008ed00000| Untracked 
| 238|0x000000008ee00000, 0x000000008ee00000, 0x000000008ef00000|  0%| F|  |TAMS 0x000000008ee00000, 0x000000008ee00000| Untracked 
| 239|0x000000008ef00000, 0x000000008ef00000, 0x000000008f000000|  0%| F|  |TAMS 0x000000008ef00000, 0x000000008ef00000| Untracked 
| 240|0x000000008f000000, 0x000000008f100000, 0x000000008f100000|100%| S|CS|TAMS 0x000000008f000000, 0x000000008f000000| Complete 
| 241|0x000000008f100000, 0x000000008f200000, 0x000000008f200000|100%| S|CS|TAMS 0x000000008f100000, 0x000000008f100000| Complete 
| 242|0x000000008f200000, 0x000000008f300000, 0x000000008f300000|100%| S|CS|TAMS 0x000000008f200000, 0x000000008f200000| Complete 
| 243|0x000000008f300000, 0x000000008f400000, 0x000000008f400000|100%| S|CS|TAMS 0x000000008f300000, 0x000000008f300000| Complete 
| 244|0x000000008f400000, 0x000000008f400000, 0x000000008f500000|  0%| F|  |TAMS 0x000000008f400000, 0x000000008f400000| Untracked 
| 245|0x000000008f500000, 0x000000008f500000, 0x000000008f600000|  0%| F|  |TAMS 0x000000008f500000, 0x000000008f500000| Untracked 
| 246|0x000000008f600000, 0x000000008f600000, 0x000000008f700000|  0%| F|  |TAMS 0x000000008f600000, 0x000000008f600000| Untracked 
| 247|0x000000008f700000, 0x000000008f700000, 0x000000008f800000|  0%| F|  |TAMS 0x000000008f700000, 0x000000008f700000| Untracked 
| 248|0x000000008f800000, 0x000000008f800000, 0x000000008f900000|  0%| F|  |TAMS 0x000000008f800000, 0x000000008f800000| Untracked 
| 249|0x000000008f900000, 0x000000008f900000, 0x000000008fa00000|  0%| F|  |TAMS 0x000000008f900000, 0x000000008f900000| Untracked 
| 250|0x000000008fa00000, 0x000000008fa00000, 0x000000008fb00000|  0%| F|  |TAMS 0x000000008fa00000, 0x000000008fa00000| Untracked 
| 251|0x000000008fb00000, 0x000000008fb00000, 0x000000008fc00000|  0%| F|  |TAMS 0x000000008fb00000, 0x000000008fb00000| Untracked 
| 252|0x000000008fc00000, 0x000000008fc00000, 0x000000008fd00000|  0%| F|  |TAMS 0x000000008fc00000, 0x000000008fc00000| Untracked 
| 253|0x000000008fd00000, 0x000000008fd00000, 0x000000008fe00000|  0%| F|  |TAMS 0x000000008fd00000, 0x000000008fd00000| Untracked 
| 254|0x000000008fe00000, 0x000000008fe00000, 0x000000008ff00000|  0%| F|  |TAMS 0x000000008fe00000, 0x000000008fe00000| Untracked 
| 255|0x000000008ff00000, 0x000000008ff00000, 0x0000000090000000|  0%| F|  |TAMS 0x000000008ff00000, 0x000000008ff00000| Untracked 
| 256|0x0000000090000000, 0x0000000090000000, 0x0000000090100000|  0%| F|  |TAMS 0x0000000090000000, 0x0000000090000000| Untracked 
| 257|0x0000000090100000, 0x0000000090100000, 0x0000000090200000|  0%| F|  |TAMS 0x0000000090100000, 0x0000000090100000| Untracked 
| 258|0x0000000090200000, 0x0000000090200000, 0x0000000090300000|  0%| F|  |TAMS 0x0000000090200000, 0x0000000090200000| Untracked 
| 259|0x0000000090300000, 0x0000000090300000, 0x0000000090400000|  0%| F|  |TAMS 0x0000000090300000, 0x0000000090300000| Untracked 
| 260|0x0000000090400000, 0x0000000090400000, 0x0000000090500000|  0%| F|  |TAMS 0x0000000090400000, 0x0000000090400000| Untracked 
| 261|0x0000000090500000, 0x0000000090500000, 0x0000000090600000|  0%| F|  |TAMS 0x0000000090500000, 0x0000000090500000| Untracked 
| 262|0x0000000090600000, 0x0000000090600000, 0x0000000090700000|  0%| F|  |TAMS 0x0000000090600000, 0x0000000090600000| Untracked 
| 263|0x0000000090700000, 0x0000000090700000, 0x0000000090800000|  0%| F|  |TAMS 0x0000000090700000, 0x0000000090700000| Untracked 
| 264|0x0000000090800000, 0x0000000090800000, 0x0000000090900000|  0%| F|  |TAMS 0x0000000090800000, 0x0000000090800000| Untracked 
| 265|0x0000000090900000, 0x0000000090900000, 0x0000000090a00000|  0%| F|  |TAMS 0x0000000090900000, 0x0000000090900000| Untracked 
| 266|0x0000000090a00000, 0x0000000090a00000, 0x0000000090b00000|  0%| F|  |TAMS 0x0000000090a00000, 0x0000000090a00000| Untracked 
| 267|0x0000000090b00000, 0x0000000090b00000, 0x0000000090c00000|  0%| F|  |TAMS 0x0000000090b00000, 0x0000000090b00000| Untracked 
| 268|0x0000000090c00000, 0x0000000090c00000, 0x0000000090d00000|  0%| F|  |TAMS 0x0000000090c00000, 0x0000000090c00000| Untracked 
| 269|0x0000000090d00000, 0x0000000090d00000, 0x0000000090e00000|  0%| F|  |TAMS 0x0000000090d00000, 0x0000000090d00000| Untracked 
| 270|0x0000000090e00000, 0x0000000090e00000, 0x0000000090f00000|  0%| F|  |TAMS 0x0000000090e00000, 0x0000000090e00000| Untracked 
| 271|0x0000000090f00000, 0x0000000090f00000, 0x0000000091000000|  0%| F|  |TAMS 0x0000000090f00000, 0x0000000090f00000| Untracked 
| 272|0x0000000091000000, 0x0000000091000000, 0x0000000091100000|  0%| F|  |TAMS 0x0000000091000000, 0x0000000091000000| Untracked 
| 273|0x0000000091100000, 0x0000000091100000, 0x0000000091200000|  0%| F|  |TAMS 0x0000000091100000, 0x0000000091100000| Untracked 
| 274|0x0000000091200000, 0x0000000091200000, 0x0000000091300000|  0%| F|  |TAMS 0x0000000091200000, 0x0000000091200000| Untracked 
| 275|0x0000000091300000, 0x0000000091300000, 0x0000000091400000|  0%| F|  |TAMS 0x0000000091300000, 0x0000000091300000| Untracked 
| 276|0x0000000091400000, 0x0000000091400000, 0x0000000091500000|  0%| F|  |TAMS 0x0000000091400000, 0x0000000091400000| Untracked 
| 277|0x0000000091500000, 0x0000000091500000, 0x0000000091600000|  0%| F|  |TAMS 0x0000000091500000, 0x0000000091500000| Untracked 
| 278|0x0000000091600000, 0x0000000091600000, 0x0000000091700000|  0%| F|  |TAMS 0x0000000091600000, 0x0000000091600000| Untracked 
| 279|0x0000000091700000, 0x0000000091700000, 0x0000000091800000|  0%| F|  |TAMS 0x0000000091700000, 0x0000000091700000| Untracked 
| 280|0x0000000091800000, 0x0000000091800000, 0x0000000091900000|  0%| F|  |TAMS 0x0000000091800000, 0x0000000091800000| Untracked 
| 281|0x0000000091900000, 0x0000000091900000, 0x0000000091a00000|  0%| F|  |TAMS 0x0000000091900000, 0x0000000091900000| Untracked 
| 282|0x0000000091a00000, 0x0000000091a00000, 0x0000000091b00000|  0%| F|  |TAMS 0x0000000091a00000, 0x0000000091a00000| Untracked 
| 283|0x0000000091b00000, 0x0000000091b00000, 0x0000000091c00000|  0%| F|  |TAMS 0x0000000091b00000, 0x0000000091b00000| Untracked 
| 284|0x0000000091c00000, 0x0000000091c00000, 0x0000000091d00000|  0%| F|  |TAMS 0x0000000091c00000, 0x0000000091c00000| Untracked 
| 285|0x0000000091d00000, 0x0000000091d00000, 0x0000000091e00000|  0%| F|  |TAMS 0x0000000091d00000, 0x0000000091d00000| Untracked 
| 286|0x0000000091e00000, 0x0000000091e00000, 0x0000000091f00000|  0%| F|  |TAMS 0x0000000091e00000, 0x0000000091e00000| Untracked 
| 287|0x0000000091f00000, 0x0000000091f00000, 0x0000000092000000|  0%| F|  |TAMS 0x0000000091f00000, 0x0000000091f00000| Untracked 

Card table byte_map: [0x000001ed56f30000,0x000001ed57330000] _byte_map_base: 0x000001ed56b30000

Marking Bits (Prev, Next): (CMBitMap*) 0x000001ed43d4f828, (CMBitMap*) 0x000001ed43d4f860
 Prev Bits: [0x000001ed57730000, 0x000001ed59730000)
 Next Bits: [0x000001ed59730000, 0x000001ed5b730000)

Polling page: 0x000001ed434e0000

Metaspace:

Usage:
  Non-class:    120.32 MB capacity,   117.99 MB ( 98%) used,     1.86 MB (  2%) free+waste,   482.94 KB ( <1%) overhead. 
      Class:     18.20 MB capacity,    16.79 MB ( 92%) used,     1.19 MB (  7%) free+waste,   210.88 KB (  1%) overhead. 
       Both:    138.51 MB capacity,   134.78 MB ( 97%) used,     3.05 MB (  2%) free+waste,   693.81 KB ( <1%) overhead. 

Virtual space:
  Non-class space:      130.00 MB reserved,     127.96 MB ( 98%) committed 
      Class space:        1.00 GB reserved,      19.95 MB (  2%) committed 
             Both:        1.13 GB reserved,     147.91 MB ( 13%) committed 

Chunk freelists:
   Non-Class:  7.52 MB
       Class:  1.65 MB
        Both:  9.17 MB

MaxMetaspaceSize: 17179869184.00 GB
CompressedClassSpaceSize: 1.00 GB

CodeHeap 'non-profiled nmethods': size=120000Kb used=17121Kb max_used=17752Kb free=102878Kb
 bounds [0x000001ed4f2d0000, 0x000001ed50430000, 0x000001ed56800000]
CodeHeap 'profiled nmethods': size=120000Kb used=54529Kb max_used=55873Kb free=65470Kb
 bounds [0x000001ed47da0000, 0x000001ed4b4b0000, 0x000001ed4f2d0000]
CodeHeap 'non-nmethods': size=5760Kb used=2396Kb max_used=2506Kb free=3363Kb
 bounds [0x000001ed47800000, 0x000001ed47a80000, 0x000001ed47da0000]
 total_blobs=24771 nmethods=23748 adapters=932
 compilation: enabled
              stopped_count=0, restarted_count=0
 full_count=0

Compilation events (20 events):
Event: 9004.591 Thread 0x000001ed5eaa9000 nmethod 26604 0x000001ed483c3510 code [0x000001ed483c3720, 0x000001ed483c3a78]
Event: 9004.591 Thread 0x000001ed5eaa9000 26598 %     3       com.android.tools.r8.internal.pe1::a @ 87 (270 bytes)
Event: 9004.595 Thread 0x000001ed5eaa9000 nmethod 26598% 0x000001ed48891210 code [0x000001ed48891800, 0x000001ed488951c8]
Event: 9004.595 Thread 0x000001ed5eaa9000 26603       3       com.android.tools.r8.internal.gI0::a (219 bytes)
Event: 9004.597 Thread 0x000001ed5eaa9000 nmethod 26603 0x000001ed484e9710 code [0x000001ed484e9c00, 0x000001ed484ec4b8]
Event: 9004.597 Thread 0x000001ed5eaa9000 26609 %     3       com.android.tools.r8.ir.regalloc.c::d @ 30 (103 bytes)
Event: 9004.598 Thread 0x000001ed5eaa9000 nmethod 26609% 0x000001ed4841f010 code [0x000001ed4841f280, 0x000001ed4841fe68]
Event: 9004.598 Thread 0x000001ed5eaa9000 26601       3       com.android.tools.r8.internal.VR0::b (74 bytes)
Event: 9004.599 Thread 0x000001ed5eaa9000 nmethod 26601 0x000001ed48444490 code [0x000001ed48444780, 0x000001ed48445a28]
Event: 9004.599 Thread 0x000001ed5eaa9000 26611       3       com.android.tools.r8.ir.regalloc.c::d (103 bytes)
Event: 9004.600 Thread 0x000001ed5eaa9000 nmethod 26611 0x000001ed483fbb90 code [0x000001ed483fbe00, 0x000001ed483fc928]
Event: 9004.600 Thread 0x000001ed5eaa9000 26596       2       com.android.tools.r8.internal.VR0::y (44 bytes)
Event: 9004.600 Thread 0x000001ed5eaa9000 nmethod 26596 0x000001ed483b8a10 code [0x000001ed483b8c00, 0x000001ed483b8e68]
Event: 9004.600 Thread 0x000001ed5eaa9000 26592       2       com.android.tools.r8.ir.regalloc.e::a (528 bytes)
Event: 9004.603 Thread 0x000001ed5eaa9000 nmethod 26592 0x000001ed48573a90 code [0x000001ed48573ec0, 0x000001ed48575188]
Event: 9004.603 Thread 0x000001ed5eaa9000 26605       2       org.gradle.internal.fingerprint.impl.DefaultFileCollectionSnapshotter$SnapshottingVisitor::<init> (21 bytes)
Event: 9004.604 Thread 0x000001ed5eaa9000 nmethod 26605 0x000001ed483e7590 code [0x000001ed483e7740, 0x000001ed483e79b8]
Event: 9004.604 Thread 0x000001ed5eaa9000 26606       2       com.android.tools.r8.internal.Es1::f (73 bytes)
Event: 9004.604 Thread 0x000001ed5eaa9000 nmethod 26606 0x000001ed483f3b10 code [0x000001ed483f3cc0, 0x000001ed483f3e78]
Event: 9004.604 Thread 0x000001ed5eaa9000 26610       2       com.android.tools.r8.ir.regalloc.b::a (328 bytes)

GC Heap History (20 events):
Event: 9003.054 GC heap after
{Heap after GC invocations=59 (full 0):
 garbage-first heap   total 294912K, used 157166K [0x0000000080000000, 0x0000000100000000)
  region size 1024K, 2 young (2048K), 2 survivors (2048K)
 Metaspace       used 136981K, capacity 140700K, committed 151464K, reserved 1181696K
  class space    used 17126K, capacity 18542K, committed 20428K, reserved 1048576K
}
Event: 9003.190 GC heap before
{Heap before GC invocations=59 (full 0):
 garbage-first heap   total 294912K, used 218606K [0x0000000080000000, 0x0000000100000000)
  region size 1024K, 63 young (64512K), 2 survivors (2048K)
 Metaspace       used 137198K, capacity 140909K, committed 151464K, reserved 1181696K
  class space    used 17149K, capacity 18545K, committed 20428K, reserved 1048576K
}
Event: 9003.207 GC heap after
{Heap after GC invocations=60 (full 0):
 garbage-first heap   total 294912K, used 168654K [0x0000000080000000, 0x0000000100000000)
  region size 1024K, 8 young (8192K), 8 survivors (8192K)
 Metaspace       used 137198K, capacity 140909K, committed 151464K, reserved 1181696K
  class space    used 17149K, capacity 18545K, committed 20428K, reserved 1048576K
}
Event: 9003.465 GC heap before
{Heap before GC invocations=60 (full 0):
 garbage-first heap   total 294912K, used 224974K [0x0000000080000000, 0x0000000100000000)
  region size 1024K, 64 young (65536K), 8 survivors (8192K)
 Metaspace       used 137387K, capacity 141172K, committed 151464K, reserved 1181696K
  class space    used 17148K, capacity 18544K, committed 20428K, reserved 1048576K
}
Event: 9003.480 GC heap after
{Heap after GC invocations=61 (full 0):
 garbage-first heap   total 294912K, used 179530K [0x0000000080000000, 0x0000000100000000)
  region size 1024K, 8 young (8192K), 8 survivors (8192K)
 Metaspace       used 137387K, capacity 141172K, committed 151464K, reserved 1181696K
  class space    used 17148K, capacity 18544K, committed 20428K, reserved 1048576K
}
Event: 9003.625 GC heap before
{Heap before GC invocations=62 (full 0):
 garbage-first heap   total 294912K, used 231754K [0x0000000080000000, 0x0000000100000000)
  region size 1024K, 59 young (60416K), 8 survivors (8192K)
 Metaspace       used 137435K, capacity 141221K, committed 151464K, reserved 1181696K
  class space    used 17159K, capacity 18562K, committed 20428K, reserved 1048576K
}
Event: 9003.641 GC heap after
{Heap after GC invocations=63 (full 0):
 garbage-first heap   total 294912K, used 185977K [0x0000000080000000, 0x0000000100000000)
  region size 1024K, 6 young (6144K), 6 survivors (6144K)
 Metaspace       used 137435K, capacity 141221K, committed 151464K, reserved 1181696K
  class space    used 17159K, capacity 18562K, committed 20428K, reserved 1048576K
}
Event: 9003.674 GC heap before
{Heap before GC invocations=63 (full 0):
 garbage-first heap   total 294912K, used 194169K [0x0000000080000000, 0x0000000100000000)
  region size 1024K, 14 young (14336K), 6 survivors (6144K)
 Metaspace       used 137439K, capacity 141224K, committed 151464K, reserved 1181696K
  class space    used 17160K, capacity 18563K, committed 20428K, reserved 1048576K
}
Event: 9003.693 GC heap after
{Heap after GC invocations=64 (full 0):
 garbage-first heap   total 294912K, used 184080K [0x0000000080000000, 0x0000000100000000)
  region size 1024K, 2 young (2048K), 2 survivors (2048K)
 Metaspace       used 137439K, capacity 141224K, committed 151464K, reserved 1181696K
  class space    used 17160K, capacity 18563K, committed 20428K, reserved 1048576K
}
Event: 9003.853 GC heap before
{Heap before GC invocations=64 (full 0):
 garbage-first heap   total 294912K, used 235280K [0x0000000080000000, 0x0000000100000000)
  region size 1024K, 52 young (53248K), 2 survivors (2048K)
 Metaspace       used 137540K, capacity 141394K, committed 151464K, reserved 1181696K
  class space    used 17167K, capacity 18598K, committed 20428K, reserved 1048576K
}
Event: 9003.863 GC heap after
{Heap after GC invocations=65 (full 0):
 garbage-first heap   total 294912K, used 191358K [0x0000000080000000, 0x0000000100000000)
  region size 1024K, 7 young (7168K), 7 survivors (7168K)
 Metaspace       used 137540K, capacity 141394K, committed 151464K, reserved 1181696K
  class space    used 17167K, capacity 18598K, committed 20428K, reserved 1048576K
}
Event: 9004.195 GC heap before
{Heap before GC invocations=65 (full 0):
 garbage-first heap   total 294912K, used 239486K [0x0000000080000000, 0x0000000100000000)
  region size 1024K, 55 young (56320K), 7 survivors (7168K)
 Metaspace       used 137687K, capacity 141531K, committed 151464K, reserved 1181696K
  class space    used 17166K, capacity 18596K, committed 20428K, reserved 1048576K
}
Event: 9004.207 GC heap after
{Heap after GC invocations=66 (full 0):
 garbage-first heap   total 294912K, used 196341K [0x0000000080000000, 0x0000000100000000)
  region size 1024K, 5 young (5120K), 5 survivors (5120K)
 Metaspace       used 137687K, capacity 141531K, committed 151464K, reserved 1181696K
  class space    used 17166K, capacity 18596K, committed 20428K, reserved 1048576K
}
Event: 9004.334 GC heap before
{Heap before GC invocations=67 (full 0):
 garbage-first heap   total 294912K, used 243445K [0x0000000080000000, 0x0000000100000000)
  region size 1024K, 51 young (52224K), 5 survivors (5120K)
 Metaspace       used 137840K, capacity 141658K, committed 151464K, reserved 1181696K
  class space    used 17188K, capacity 18617K, committed 20428K, reserved 1048576K
}
Event: 9004.347 GC heap after
{Heap after GC invocations=68 (full 0):
 garbage-first heap   total 294912K, used 201460K [0x0000000080000000, 0x0000000100000000)
  region size 1024K, 6 young (6144K), 6 survivors (6144K)
 Metaspace       used 137840K, capacity 141658K, committed 151464K, reserved 1181696K
  class space    used 17188K, capacity 18617K, committed 20428K, reserved 1048576K
}
Event: 9004.370 GC heap before
{Heap before GC invocations=68 (full 0):
 garbage-first heap   total 294912K, used 208628K [0x0000000080000000, 0x0000000100000000)
  region size 1024K, 14 young (14336K), 6 survivors (6144K)
 Metaspace       used 137846K, capacity 141659K, committed 151464K, reserved 1181696K
  class space    used 17188K, capacity 18617K, committed 20428K, reserved 1048576K
}
Event: 9004.380 GC heap after
{Heap after GC invocations=69 (full 0):
 garbage-first heap   total 294912K, used 198655K [0x0000000080000000, 0x0000000100000000)
  region size 1024K, 2 young (2048K), 2 survivors (2048K)
 Metaspace       used 137846K, capacity 141659K, committed 151464K, reserved 1181696K
  class space    used 17188K, capacity 18617K, committed 20428K, reserved 1048576K
}
Event: 9004.504 GC heap before
{Heap before GC invocations=69 (full 0):
 garbage-first heap   total 294912K, used 244735K [0x0000000080000000, 0x0000000100000000)
  region size 1024K, 48 young (49152K), 2 survivors (2048K)
 Metaspace       used 137970K, capacity 141829K, committed 151464K, reserved 1181696K
  class space    used 17196K, capacity 18629K, committed 20428K, reserved 1048576K
}
Event: 9004.513 GC heap after
{Heap after GC invocations=70 (full 0):
 garbage-first heap   total 294912K, used 202747K [0x0000000080000000, 0x0000000100000000)
  region size 1024K, 6 young (6144K), 6 survivors (6144K)
 Metaspace       used 137970K, capacity 141829K, committed 151464K, reserved 1181696K
  class space    used 17196K, capacity 18629K, committed 20428K, reserved 1048576K
}
Event: 9004.659 GC heap before
{Heap before GC invocations=70 (full 0):
 garbage-first heap   total 294912K, used 246779K [0x0000000080000000, 0x0000000100000000)
  region size 1024K, 50 young (51200K), 6 survivors (6144K)
 Metaspace       used 138017K, capacity 141838K, committed 151464K, reserved 1181696K
  class space    used 17197K, capacity 18632K, committed 20428K, reserved 1048576K
}

Deoptimization events (20 events):
Event: 9004.562 Thread 0x000001ed60b84000 DEOPT PACKING pc=0x000001ed4fad2a04 sp=0x000000772a4ff040
Event: 9004.562 Thread 0x000001ed60b84000 DEOPT UNPACKING pc=0x000001ed4782662f sp=0x000000772a4fefc8 mode 2
Event: 9004.587 Thread 0x000001ed63e67800 DEOPT PACKING pc=0x000001ed4b1645cc sp=0x000000772dcf9940
Event: 9004.587 Thread 0x000001ed63e67800 DEOPT UNPACKING pc=0x000001ed47826dde sp=0x000000772dcf8e50 mode 0
Event: 9004.588 Thread 0x000001ed63e67800 DEOPT PACKING pc=0x000001ed4b160bc9 sp=0x000000772dcfa0e0
Event: 9004.588 Thread 0x000001ed63e67800 DEOPT UNPACKING pc=0x000001ed47826dde sp=0x000000772dcf9658 mode 0
Event: 9004.622 Thread 0x000001ed671b2800 DEOPT PACKING pc=0x000001ed4b136eb6 sp=0x000000772d5fa340
Event: 9004.622 Thread 0x000001ed671b2800 DEOPT UNPACKING pc=0x000001ed47826dde sp=0x000000772d5f9828 mode 0
Event: 9004.622 Thread 0x000001ed63e67800 DEOPT PACKING pc=0x000001ed4b12da4f sp=0x000000772dcf9ca0
Event: 9004.622 Thread 0x000001ed63e67800 DEOPT UNPACKING pc=0x000001ed47826dde sp=0x000000772dcf9498 mode 0
Event: 9004.627 Thread 0x000001ed63e67800 DEOPT PACKING pc=0x000001ed4b1511f4 sp=0x000000772dcfa030
Event: 9004.627 Thread 0x000001ed63e67800 DEOPT UNPACKING pc=0x000001ed47826dde sp=0x000000772dcf9628 mode 0
Event: 9004.627 Thread 0x000001ed63e67800 DEOPT PACKING pc=0x000001ed4b1624f6 sp=0x000000772dcfa050
Event: 9004.627 Thread 0x000001ed63e67800 DEOPT UNPACKING pc=0x000001ed47826dde sp=0x000000772dcf95f0 mode 0
Event: 9004.628 Thread 0x000001ed63e67800 DEOPT PACKING pc=0x000001ed4b17e132 sp=0x000000772dcfa030
Event: 9004.628 Thread 0x000001ed63e67800 DEOPT UNPACKING pc=0x000001ed47826dde sp=0x000000772dcf95f0 mode 0
Event: 9004.633 Thread 0x000001ed63e66000 DEOPT PACKING pc=0x000001ed4b1d251e sp=0x000000772daf9830
Event: 9004.633 Thread 0x000001ed63e66000 DEOPT UNPACKING pc=0x000001ed47826dde sp=0x000000772daf8f10 mode 0
Event: 9004.659 Thread 0x000001ed6a04c000 DEOPT PACKING pc=0x000001ed4b113c63 sp=0x000000772f9f95c0
Event: 9004.659 Thread 0x000001ed6a04c000 DEOPT UNPACKING pc=0x000001ed47826dde sp=0x000000772f9f8c10 mode 0

Classes redefined (0 events):
No events

Internal exceptions (20 events):
Event: 9001.962 Thread 0x000001ed6a040000 Exception <a 'sun/nio/fs/WindowsException'{0x00000000900c8d58}> (0x00000000900c8d58) thrown at [./src/hotspot/share/prims/jni.cpp, line 615]
Event: 9002.006 Thread 0x000001ed6a040000 Exception <a 'java/lang/NoClassDefFoundError'{0x000000008fde8770}: org/jetbrains/kotlin/gradle/plugin/KotlinBasePluginWrapper> (0x000000008fde8770) thrown at [./src/hotspot/share/oops/constantPool.cpp, line 775]
Event: 9002.027 Thread 0x000001ed6a040000 Exception <a 'sun/nio/fs/WindowsException'{0x000000008fb285b0}> (0x000000008fb285b0) thrown at [./src/hotspot/share/prims/jni.cpp, line 615]
Event: 9002.034 Thread 0x000001ed6a040000 Exception <a 'sun/nio/fs/WindowsException'{0x000000008fbc7e78}> (0x000000008fbc7e78) thrown at [./src/hotspot/share/prims/jni.cpp, line 615]
Event: 9002.034 Thread 0x000001ed6a040000 Exception <a 'sun/nio/fs/WindowsException'{0x000000008fbc9098}> (0x000000008fbc9098) thrown at [./src/hotspot/share/prims/jni.cpp, line 615]
Event: 9002.034 Thread 0x000001ed6a040000 Exception <a 'sun/nio/fs/WindowsException'{0x000000008fbca308}> (0x000000008fbca308) thrown at [./src/hotspot/share/prims/jni.cpp, line 615]
Event: 9002.034 Thread 0x000001ed6a040000 Exception <a 'sun/nio/fs/WindowsException'{0x000000008fbcb578}> (0x000000008fbcb578) thrown at [./src/hotspot/share/prims/jni.cpp, line 615]
Event: 9002.336 Thread 0x000001ed65ec5800 Implicit null exception at 0x000001ed4f866bd9 to 0x000001ed4f86a788
Event: 9002.614 Thread 0x000001ed671aa000 Exception <a 'sun/nio/fs/WindowsException'{0x000000008f7229a8}> (0x000000008f7229a8) thrown at [./src/hotspot/share/prims/jni.cpp, line 615]
Event: 9002.617 Thread 0x000001ed65eb9800 Exception <a 'sun/nio/fs/WindowsException'{0x000000008f6cce08}> (0x000000008f6cce08) thrown at [./src/hotspot/share/prims/jni.cpp, line 615]
Event: 9002.629 Thread 0x000001ed671b2800 Exception <a 'sun/nio/fs/WindowsException'{0x000000008f297df0}> (0x000000008f297df0) thrown at [./src/hotspot/share/prims/jni.cpp, line 615]
Event: 9002.655 Thread 0x000001ed63e67800 Exception <a 'sun/nio/fs/WindowsException'{0x000000008e751a60}> (0x000000008e751a60) thrown at [./src/hotspot/share/prims/jni.cpp, line 615]
Event: 9002.688 Thread 0x000001ed6a04c000 Exception <a 'sun/nio/fs/WindowsException'{0x000000008dc1f278}> (0x000000008dc1f278) thrown at [./src/hotspot/share/prims/jni.cpp, line 615]
Event: 9002.755 Thread 0x000001ed671aa000 Exception <a 'java/lang/IncompatibleClassChangeError'{0x0000000091445960}: Found class java.lang.Object, but interface was expected> (0x0000000091445960) thrown at [./src/hotspot/share/interpreter/linkResolver.cpp, line 839]
Event: 9002.783 Thread 0x000001ed671aa000 Exception <a 'java/lang/NoSuchMethodError'{0x0000000090e7ac20}: 'int java.lang.invoke.DirectMethodHandle$Holder.invokeSpecial(java.lang.Object, java.lang.Object, java.lang.Object, java.lang.Object, java.lang.Object, java.lang.Object)'> (0x0000000090e7ac20) thrown at [./src/hotspot/share/interpreter/linkResolver.cpp, line 773]
Event: 9002.986 Thread 0x000001ed63e66000 Exception <a 'sun/nio/fs/WindowsException'{0x000000008e464798}> (0x000000008e464798) thrown at [./src/hotspot/share/prims/jni.cpp, line 615]
Event: 9003.220 Thread 0x000001ed5efaf800 Exception <a 'sun/nio/fs/WindowsException'{0x0000000091a5ce00}> (0x0000000091a5ce00) thrown at [./src/hotspot/share/prims/jni.cpp, line 615]
Event: 9003.935 Thread 0x000001ed63e67800 Exception <a 'java/lang/NoSuchMethodError'{0x000000009131c010}: 'int java.lang.invoke.DirectMethodHandle$Holder.invokeInterface(java.lang.Object, java.lang.Object, int)'> (0x000000009131c010) thrown at [./src/hotspot/share/interpreter/linkResolver.cpp, line 773]
Event: 9004.432 Thread 0x000001ed671aa000 Exception <a 'sun/nio/fs/WindowsException'{0x0000000090dbcac0}> (0x0000000090dbcac0) thrown at [./src/hotspot/share/prims/jni.cpp, line 615]
Event: 9004.654 Thread 0x000001ed65ec2800 Exception <a 'sun/nio/fs/WindowsException'{0x000000008f6e0f18}> (0x000000008f6e0f18) thrown at [./src/hotspot/share/prims/jni.cpp, line 615]

Events (20 events):
Event: 9004.453 Thread 0x000001ed5eaad800 flushing nmethod 0x000001ed49db5310
Event: 9004.453 Thread 0x000001ed5eaad800 flushing nmethod 0x000001ed49dba890
Event: 9004.453 Thread 0x000001ed5eaad800 flushing nmethod 0x000001ed49ddfb10
Event: 9004.453 Thread 0x000001ed5eaad800 flushing nmethod 0x000001ed49e6f890
Event: 9004.457 Thread 0x000001ed5eaad800 flushing nmethod 0x000001ed4a0c0110
Event: 9004.503 Executing VM operation: G1CollectForAllocation
Event: 9004.513 Executing VM operation: G1CollectForAllocation done
Event: 9004.544 loading class com/android/tools/r8/internal/PE0
Event: 9004.544 loading class com/android/tools/r8/internal/PE0 done
Event: 9004.544 loading class com/android/tools/r8/internal/RD0
Event: 9004.544 loading class com/android/tools/r8/internal/RD0 done
Event: 9004.544 loading class com/android/tools/r8/internal/RD0
Event: 9004.544 loading class com/android/tools/r8/internal/RD0 done
Event: 9004.545 loading class com/android/tools/r8/internal/RD0
Event: 9004.545 loading class com/android/tools/r8/internal/RD0 done
Event: 9004.545 loading class com/android/tools/r8/internal/RD0
Event: 9004.545 loading class com/android/tools/r8/internal/RD0 done
Event: 9004.605 Executing VM operation: RevokeBias
Event: 9004.607 Executing VM operation: RevokeBias done
Event: 9004.659 Executing VM operation: G1CollectForAllocation


Dynamic libraries:
0x00007ff604800000 - 0x00007ff60480a000 	D:\Program Files\Android\AndroidStudio\jre\bin\java.exe
0x00007ff967a50000 - 0x00007ff967c64000 	C:\WINDOWS\SYSTEM32\ntdll.dll
0x00007ff9663f0000 - 0x00007ff9664b2000 	C:\WINDOWS\System32\KERNEL32.DLL
0x00007ff9651e0000 - 0x00007ff96557d000 	C:\WINDOWS\System32\KERNELBASE.dll
0x00007ff965600000 - 0x00007ff965711000 	C:\WINDOWS\System32\ucrtbase.dll
0x00007ff94b330000 - 0x00007ff94b349000 	D:\Program Files\Android\AndroidStudio\jre\bin\jli.dll
0x00007ff965aa0000 - 0x00007ff965c4d000 	C:\WINDOWS\System32\USER32.dll
0x00007ff964e70000 - 0x00007ff964e96000 	C:\WINDOWS\System32\win32u.dll
0x00007ff965c50000 - 0x00007ff965c79000 	C:\WINDOWS\System32\GDI32.dll
0x00007ff956dd0000 - 0x00007ff95705e000 	C:\WINDOWS\WinSxS\amd64_microsoft.windows.common-controls_6595b64144ccf1df_6.0.22621.608_none_a9444ca7c10bb01d\COMCTL32.dll
0x00007ff965720000 - 0x00007ff965832000 	C:\WINDOWS\System32\gdi32full.dll
0x00007ff965d70000 - 0x00007ff965e17000 	C:\WINDOWS\System32\msvcrt.dll
0x00007ff964ea0000 - 0x00007ff964f3a000 	C:\WINDOWS\System32\msvcp_win.dll
0x00007ff94a9d0000 - 0x00007ff94a9e7000 	D:\Program Files\Android\AndroidStudio\jre\bin\VCRUNTIME140.dll
0x00007ff965d30000 - 0x00007ff965d62000 	C:\WINDOWS\System32\IMM32.DLL
0x00007ff940e20000 - 0x00007ff940ebd000 	D:\Program Files\Android\AndroidStudio\jre\bin\msvcp140.dll
0x00007ff8f2fc0000 - 0x00007ff8f3a95000 	D:\Program Files\Android\AndroidStudio\jre\bin\server\jvm.dll
0x00007ff965c80000 - 0x00007ff965d2e000 	C:\WINDOWS\System32\ADVAPI32.dll
0x00007ff967820000 - 0x00007ff9678c4000 	C:\WINDOWS\System32\sechost.dll
0x00007ff9678f0000 - 0x00007ff967a05000 	C:\WINDOWS\System32\RPCRT4.dll
0x00007ff966d50000 - 0x00007ff966d58000 	C:\WINDOWS\System32\PSAPI.DLL
0x00007ff95b7e0000 - 0x00007ff95b814000 	C:\WINDOWS\SYSTEM32\WINMM.dll
0x00007ff963b10000 - 0x00007ff963b1a000 	C:\WINDOWS\SYSTEM32\VERSION.dll
0x00007ff95fc10000 - 0x00007ff95fc19000 	C:\WINDOWS\SYSTEM32\WSOCK32.dll
0x00007ff966640000 - 0x00007ff9666b1000 	C:\WINDOWS\System32\WS2_32.dll
0x00007ff963ea0000 - 0x00007ff963eb8000 	C:\WINDOWS\SYSTEM32\kernel.appcore.dll
0x00007ff94dbb0000 - 0x00007ff94dbc1000 	D:\Program Files\Android\AndroidStudio\jre\bin\verify.dll
0x00007ff95dc30000 - 0x00007ff95de5e000 	C:\WINDOWS\SYSTEM32\DBGHELP.DLL
0x00007ff966060000 - 0x00007ff9663ea000 	C:\WINDOWS\System32\combase.dll
0x00007ff965840000 - 0x00007ff965917000 	C:\WINDOWS\System32\OLEAUT32.dll
0x00007ff952980000 - 0x00007ff9529b2000 	C:\WINDOWS\SYSTEM32\dbgcore.DLL
0x00007ff965580000 - 0x00007ff9655fb000 	C:\WINDOWS\System32\bcryptPrimitives.dll
0x00007ff930620000 - 0x00007ff930649000 	D:\Program Files\Android\AndroidStudio\jre\bin\java.dll
0x00007ff953790000 - 0x00007ff95379b000 	D:\Program Files\Android\AndroidStudio\jre\bin\jimage.dll
0x00007ff929580000 - 0x00007ff929598000 	D:\Program Files\Android\AndroidStudio\jre\bin\zip.dll
0x00007ff966f30000 - 0x00007ff96771f000 	C:\WINDOWS\System32\SHELL32.dll
0x00007ff962c40000 - 0x00007ff963508000 	C:\WINDOWS\SYSTEM32\windows.storage.dll
0x00007ff962b00000 - 0x00007ff962c3e000 	C:\WINDOWS\SYSTEM32\wintypes.dll
0x00007ff9664c0000 - 0x00007ff9665b1000 	C:\WINDOWS\System32\SHCORE.dll
0x00007ff965a40000 - 0x00007ff965a9e000 	C:\WINDOWS\System32\shlwapi.dll
0x00007ff964da0000 - 0x00007ff964dc1000 	C:\WINDOWS\SYSTEM32\profapi.dll
0x00007ff928da0000 - 0x00007ff928dba000 	D:\Program Files\Android\AndroidStudio\jre\bin\net.dll
0x00007ff95f810000 - 0x00007ff95f93f000 	C:\WINDOWS\SYSTEM32\WINHTTP.dll
0x00007ff964310000 - 0x00007ff964379000 	C:\WINDOWS\system32\mswsock.dll
0x00007ff9287d0000 - 0x00007ff9287e4000 	D:\Program Files\Android\AndroidStudio\jre\bin\nio.dll
0x00007ff94b350000 - 0x00007ff94b377000 	C:\Users\27817\.gradle\native\e1d6ef7f7dcc3fd88c89a11ec53ec762bb8ba0a96d01ffa2cd45eb1d1d8dd5c5\windows-amd64\native-platform.dll
0x00007ff931300000 - 0x00007ff931444000 	C:\Users\27817\.gradle\native\5664cfc778a61ccfe75a443a1ab52a65af34e5dc3c78e0209fed803814484fcb\windows-amd64\native-platform-file-events.dll
0x00007ff94dba0000 - 0x00007ff94dbaa000 	D:\Program Files\Android\AndroidStudio\jre\bin\management.dll
0x00007ff94b8a0000 - 0x00007ff94b8ad000 	D:\Program Files\Android\AndroidStudio\jre\bin\management_ext.dll
0x00007ff964580000 - 0x00007ff96459b000 	C:\WINDOWS\SYSTEM32\CRYPTSP.dll
0x00007ff963e10000 - 0x00007ff963e45000 	C:\WINDOWS\system32\rsaenh.dll
0x00007ff964420000 - 0x00007ff964448000 	C:\WINDOWS\SYSTEM32\USERENV.dll
0x00007ff964720000 - 0x00007ff964748000 	C:\WINDOWS\SYSTEM32\bcrypt.dll
0x00007ff9645a0000 - 0x00007ff9645ac000 	C:\WINDOWS\SYSTEM32\CRYPTBASE.dll
0x00007ff963750000 - 0x00007ff96377d000 	C:\WINDOWS\SYSTEM32\IPHLPAPI.DLL
0x00007ff966b90000 - 0x00007ff966b99000 	C:\WINDOWS\System32\NSI.dll
0x00007ff95f5e0000 - 0x00007ff95f5f9000 	C:\WINDOWS\SYSTEM32\dhcpcsvc6.DLL
0x00007ff95f410000 - 0x00007ff95f42f000 	C:\WINDOWS\SYSTEM32\dhcpcsvc.DLL
0x00007ff9637c0000 - 0x00007ff9638b2000 	C:\WINDOWS\SYSTEM32\DNSAPI.dll
0x00007ff963ec0000 - 0x00007ff963ef4000 	C:\WINDOWS\SYSTEM32\ntmarta.dll

dbghelp: loaded successfully - version: 4.0.5 - missing functions: none
symbol engine: initialized successfully - sym options: 0x614 - pdb path: .;D:\Program Files\Android\AndroidStudio\jre\bin;C:\WINDOWS\SYSTEM32;C:\WINDOWS\WinSxS\amd64_microsoft.windows.common-controls_6595b64144ccf1df_6.0.22621.608_none_a9444ca7c10bb01d;D:\Program Files\Android\AndroidStudio\jre\bin\server;C:\Users\27817\.gradle\native\e1d6ef7f7dcc3fd88c89a11ec53ec762bb8ba0a96d01ffa2cd45eb1d1d8dd5c5\windows-amd64;C:\Users\27817\.gradle\native\5664cfc778a61ccfe75a443a1ab52a65af34e5dc3c78e0209fed803814484fcb\windows-amd64

VM Arguments:
jvm_args: --add-opens=java.base/java.util=ALL-UNNAMED --add-opens=java.base/java.lang=ALL-UNNAMED --add-opens=java.base/java.lang.invoke=ALL-UNNAMED --add-opens=java.base/java.util=ALL-UNNAMED --add-opens=java.prefs/java.util.prefs=ALL-UNNAMED --add-opens=java.prefs/java.util.prefs=ALL-UNNAMED --add-opens=java.base/java.nio.charset=ALL-UNNAMED --add-opens=java.base/java.net=ALL-UNNAMED --add-opens=java.base/java.util.concurrent.atomic=ALL-UNNAMED -Xmx2048m -Dfile.encoding=UTF-8 -Duser.country=CN -Duser.language=zh -Duser.variant 
java_command: org.gradle.launcher.daemon.bootstrap.GradleDaemon 7.2
java_class_path (initial): C:\Users\27817\.gradle\wrapper\dists\gradle-7.2-bin\2dnblmf4td7x66yl1d74lt32g\gradle-7.2\lib\gradle-launcher-7.2.jar
Launcher Type: SUN_STANDARD

[Global flags]
     intx CICompilerCount                          = 4                                         {product} {ergonomic}
     uint ConcGCThreads                            = 2                                         {product} {ergonomic}
     uint G1ConcRefinementThreads                  = 8                                         {product} {ergonomic}
   size_t G1HeapRegionSize                         = 1048576                                   {product} {ergonomic}
    uintx GCDrainStackTargetSize                   = 64                                        {product} {ergonomic}
   size_t InitialHeapSize                          = 301989888                                 {product} {ergonomic}
   size_t MarkStackSize                            = 4194304                                   {product} {ergonomic}
   size_t MaxHeapSize                              = 2147483648                                {product} {command line}
   size_t MaxNewSize                               = 1287651328                                {product} {ergonomic}
   size_t MinHeapDeltaBytes                        = 1048576                                   {product} {ergonomic}
    uintx NonNMethodCodeHeapSize                   = 5836300                                {pd product} {ergonomic}
    uintx NonProfiledCodeHeapSize                  = 122910970                              {pd product} {ergonomic}
    uintx ProfiledCodeHeapSize                     = 122910970                              {pd product} {ergonomic}
    uintx ReservedCodeCacheSize                    = 251658240                              {pd product} {ergonomic}
     bool SegmentedCodeCache                       = true                                      {product} {ergonomic}
     bool UseCompressedClassPointers               = true                                 {lp64_product} {ergonomic}
     bool UseCompressedOops                        = true                                 {lp64_product} {ergonomic}
     bool UseG1GC                                  = true                                      {product} {ergonomic}
     bool UseLargePagesIndividualAllocation        = false                                  {pd product} {ergonomic}

Logging:
Log output configuration:
 #0: stdout all=warning uptime,level,tags
 #1: stderr all=off uptime,level,tags

Environment Variables:
JAVA_HOME=D:\Program Files\Java\jdk1.8.0_231\bin
PATH=C:\WINDOWS\system32;C:\WINDOWS;C:\WINDOWS\System32\Wbem;C:\WINDOWS\System32\WindowsPowerShell\v1.0\;C:\WINDOWS\System32\OpenSSH\;D:\Program Files\Git\cmd;D:\mingw64\bin;D:\Program Files\nodejs\;D:\flutter\bin;D:\Program Files (x86)\Android\android-sdk\tools;D:\Program Files (x86)\Android\android-sdk\platform-tools;D:\Program Files\Java\jdk1.8.0_231\bin;D:\AndroidSDK\platform-tools;?D:\AndroidSDK\platform-tools\systrace;D:\Python27\;D:\Python27\Scripts;D:\AndroidSDK;C:\Program Files\dotnet\;C:\Program Files (x86)\dotnet\;D:\AndroidSDK\ndk\21.4.7075529;C:\Users\27817\scoop\apps\gsudo\current;C:\Users\27817\scoop\shims;C:\Users\27817\AppData\Local\Microsoft\WindowsApps;D:\Microsoft VS Code\bin;C:\Users\27817\AppData\Local\GitHubDesktop\bin;C:\Users\27817\AppData\Roaming\npm;D:\Program Files (x86)\Android\android-sdk\platform-tools;D:\Program Files\JetBrains\IntelliJ IDEA 2020.2\bin;D:\Program Files\Huawei\DevEco Studio\bin;C:\Users\27817\AppData\Local\Microsoft\WindowsApps;;D:\Program Files\Huawei\DevEco Studio 2.1.0.501\bin;
USERNAME=Microsoft
OS=Windows_NT
PROCESSOR_IDENTIFIER=AMD64 Family 23 Model 24 Stepping 1, AuthenticAMD



---------------  S Y S T E M  ---------------

OS: Windows 10 , 64 bit Build 22621 (10.0.22621.900)
OS uptime: 4 days 16:34 hours
Hyper-V role detected

CPU:total 8 (initial active 8) (8 cores per cpu, 2 threads per core) family 23 model 24 stepping 1 microcode 0x0, cmov, cx8, fxsr, mmx, sse, sse2, sse3, ssse3, sse4.1, sse4.2, popcnt, avx, avx2, aes, clmul, mmxext, 3dnowpref, lzcnt, sse4a, ht, tsc, tscinvbit, tscinv, bmi1, bmi2, adx, s

Memory: 4k page, system-wide physical 18359M (5391M free)
TotalPageFile size 18359M (AvailPageFile size 12M)
current process WorkingSet (physical memory assigned to process): 709M, peak: 709M
current process commit charge ("private bytes"): 813M, peak: 981M

vm_info: OpenJDK 64-Bit Server VM (11.0.11+9-b60-7590822) for windows-amd64 JRE (11.0.11+9-b60-7590822), built on Jul 29 2021 21:43:44 by "builder" with MS VC++ 14.0 (VS2015)

END.
